2025-06-14 19:19:04,291 [INFO] Activator:176 - 


2025-06-14 19:19:04,293 [INFO] Activator:177 - !SESSION log4j initialized
2025-06-14 19:19:06,166 [INFO] LogOutputStream:77 - [STDOUT_REDIRECT] 
2025-06-14 19:19:18,490 [INFO] ApplicationProperties:184 - Using Application install path: C:\ST\STM32CubeIDE_1.18.1\STM32CubeIDE\plugins\com.st.stm32cube.common.mx_6.14.1.202504091515
2025-06-14 19:19:18,616 [INFO] DbMcusXml:78 - Set database path to: C:\ST\STM32CubeIDE_1.18.1\STM32CubeIDE\plugins\com.st.stm32cube.common.mx_6.14.1.202504091515\\db\/mcu/
2025-06-14 19:19:18,616 [INFO] ApiDb:274 - Set plugin database path to: C:\ST\STM32CubeIDE_1.18.1\STM32CubeIDE\plugins\com.st.stm32cube.common.mx_6.14.1.202504091515\\db\/plugins/boardmanager/
2025-06-14 19:19:18,617 [WARN] ApiDb:259 - Overriding images path with different value:  => C:\ST\STM32CubeIDE_1.18.1\STM32CubeIDE\plugins\com.st.stm32cube.common.mx_6.14.1.202504091515\\db\/plugins/mcufinder/images/
2025-06-14 19:19:18,685 [INFO] ApiDb:250 - Set database path to: C:\Users\sebas\.stmcufinder\plugins\mcufinder//mcu/
2025-06-14 19:19:18,686 [INFO] DbMcusAds:125 - Set database path to: C:\Users\sebas\.stmcufinder\plugins\mcufinder//mcu/
2025-06-14 19:19:18,725 [INFO] CrossReferenceDbSqlite:203 - Set database path to: C:\Users\sebas\.stmcufinder\plugins\mcufinder//mcu/cs/
2025-06-14 19:19:19,050 [INFO] RulesReader:64 - Compatibility file has been processed (302 Rules)
2025-06-14 19:19:19,518 [INFO] DbMcusXml:78 - Set database path to: C:\ST\STM32CubeIDE_1.18.1\STM32CubeIDE\plugins\com.st.stm32cube.common.mx_6.14.1.202504091515\\db\/mcu/
2025-06-14 19:19:19,519 [INFO] ApiDb:274 - Set plugin database path to: C:\ST\STM32CubeIDE_1.18.1\STM32CubeIDE\plugins\com.st.stm32cube.common.mx_6.14.1.202504091515\\db\/plugins/boardmanager/
2025-06-14 19:19:19,519 [INFO] ApiDb:261 - Set plugin images path to: C:\ST\STM32CubeIDE_1.18.1\STM32CubeIDE\plugins\com.st.stm32cube.common.mx_6.14.1.202504091515\\db\/plugins/mcufinder/images/
2025-06-14 19:19:19,519 [WARN] DbFile:41 - Overriding database path with different value: C:\Users\sebas\.stmcufinder\plugins\mcufinder/ => C:\Users\sebas\.stmcufinder\plugins\mcufinder
2025-06-14 19:19:19,519 [INFO] ApiDb:250 - Set database path to: C:\Users\sebas\.stmcufinder\plugins\mcufinder//mcu/
2025-06-14 19:19:19,519 [WARN] DbFile:41 - Overriding database path with different value: C:\Users\sebas\.stmcufinder\plugins\mcufinder/ => C:\Users\sebas\.stmcufinder\plugins\mcufinder
2025-06-14 19:19:19,519 [INFO] DbMcusAds:125 - Set database path to: C:\Users\sebas\.stmcufinder\plugins\mcufinder//mcu/
2025-06-14 19:19:19,519 [WARN] DbFile:41 - Overriding database path with different value: C:\Users\sebas\.stmcufinder\plugins\mcufinder/ => C:\Users\sebas\.stmcufinder\plugins\mcufinder
2025-06-14 19:19:19,519 [WARN] DbFile:41 - Overriding database path with different value: C:\Users\sebas\.stmcufinder\plugins\mcufinder/ => C:\Users\sebas\.stmcufinder\plugins\mcufinder
2025-06-14 19:19:19,519 [INFO] CrossReferenceDbSqlite:203 - Set database path to: C:\Users\sebas\.stmcufinder\plugins\mcufinder//mcu/cs/
2025-06-14 19:19:19,990 [INFO] MainPanel:272 - HeapMemory: 268435456
2025-06-14 19:19:20,967 [INFO] DbMcusXml:78 - Set database path to: C:\ST\STM32CubeIDE_1.18.1\STM32CubeIDE\plugins\com.st.stm32cube.common.mx_6.14.1.202504091515\\db\/mcu/
2025-06-14 19:19:20,967 [INFO] ApiDb:274 - Set plugin database path to: C:\ST\STM32CubeIDE_1.18.1\STM32CubeIDE\plugins\com.st.stm32cube.common.mx_6.14.1.202504091515\\db\/plugins/boardmanager/
2025-06-14 19:19:20,968 [INFO] ApiDb:261 - Set plugin images path to: C:\ST\STM32CubeIDE_1.18.1\STM32CubeIDE\plugins\com.st.stm32cube.common.mx_6.14.1.202504091515\\db\/plugins/mcufinder/images/
2025-06-14 19:19:20,968 [WARN] DbFile:41 - Overriding database path with different value: C:\Users\sebas\.stmcufinder\plugins\mcufinder/ => C:\Users\sebas\.stmcufinder\plugins\mcufinder
2025-06-14 19:19:20,968 [INFO] ApiDb:250 - Set database path to: C:\Users\sebas\.stmcufinder\plugins\mcufinder//mcu/
2025-06-14 19:19:20,968 [WARN] DbFile:41 - Overriding database path with different value: C:\Users\sebas\.stmcufinder\plugins\mcufinder/ => C:\Users\sebas\.stmcufinder\plugins\mcufinder
2025-06-14 19:19:20,968 [INFO] DbMcusAds:125 - Set database path to: C:\Users\sebas\.stmcufinder\plugins\mcufinder//mcu/
2025-06-14 19:19:20,968 [WARN] DbFile:41 - Overriding database path with different value: C:\Users\sebas\.stmcufinder\plugins\mcufinder/ => C:\Users\sebas\.stmcufinder\plugins\mcufinder
2025-06-14 19:19:20,968 [WARN] DbFile:41 - Overriding database path with different value: C:\Users\sebas\.stmcufinder\plugins\mcufinder/ => C:\Users\sebas\.stmcufinder\plugins\mcufinder
2025-06-14 19:19:20,968 [INFO] CrossReferenceDbSqlite:203 - Set database path to: C:\Users\sebas\.stmcufinder\plugins\mcufinder//mcu/cs/
2025-06-14 19:19:21,058 [INFO] ApplicationProperties:184 - Using Application install path: C:\ST\STM32CubeIDE_1.18.1\STM32CubeIDE\plugins\com.st.stm32cube.common.mx_6.14.1.202504091515
2025-06-14 19:19:21,059 [INFO] PluginManage:196 - Search for loadable plugins [exclusion list=, ]
2025-06-14 19:19:21,106 [INFO] PluginManage:310 - Check plugin analytics
2025-06-14 19:19:26,332 [INFO] AnalyticsPlugin:253 - Accepted Software Licenses: 
2025-06-14 19:19:26,332 [INFO] AnalyticsPlugin:255 - Accepted CMSIS Pack Licenses: 
2025-06-14 19:19:26,332 [INFO] AnalyticsPlugin:257 - Accepted Firmware Licenses: FW.F4.1.28.0
2025-06-14 19:19:26,335 [INFO] PluginManage:359 - Loaded plugin analytics (category:tool,tabindex:-1)
2025-06-14 19:19:26,335 [INFO] PluginManage:310 - Check plugin cadmodel
2025-06-14 19:19:26,370 [INFO] CADModel:105 - Init CAD model plugin
2025-06-14 19:19:26,370 [INFO] PluginManage:359 - Loaded plugin cadmodel (category:power,tabindex:5)
2025-06-14 19:19:26,370 [INFO] PluginManage:310 - Check plugin clock
2025-06-14 19:19:26,407 [INFO] PluginManage:359 - Loaded plugin clock (category:base,tabindex:2)
2025-06-14 19:19:26,407 [INFO] PluginManage:310 - Check plugin ddr
2025-06-14 19:19:26,426 [INFO] PluginManage:359 - Loaded plugin ddr (category:tool,tabindex:6)
2025-06-14 19:19:26,426 [INFO] PluginManage:310 - Check plugin filemanager
2025-06-14 19:19:26,671 [INFO] PluginManage:359 - Loaded plugin filemanager (category:base,tabindex:10)
2025-06-14 19:19:26,671 [INFO] PluginManage:310 - Check plugin ipmanager
2025-06-14 19:19:26,695 [INFO] PluginManage:359 - Loaded plugin ipmanager (category:base,tabindex:5)
2025-06-14 19:19:26,695 [INFO] PluginManage:310 - Check plugin lpbam
2025-06-14 19:19:26,723 [INFO] PluginManage:359 - Loaded plugin lpbam (category:base,tabindex:0)
2025-06-14 19:19:26,723 [INFO] PluginManage:310 - Check plugin memorymap
2025-06-14 19:19:26,764 [INFO] PluginManage:359 - Loaded plugin memorymap (category:base,tabindex:4)
2025-06-14 19:19:26,764 [INFO] PluginManage:310 - Check plugin pinoutandconfiguration
2025-06-14 19:19:26,799 [INFO] PluginManage:359 - Loaded plugin pinoutandconfiguration (category:base,tabindex:1)
2025-06-14 19:19:26,799 [INFO] PluginManage:310 - Check plugin pinoutconfig
2025-06-14 19:19:26,898 [WARN] SupportedApi:132 - Cannot load RTOS API schema: s4s-elt-must-match.1: The content of 'definitions' must match (annotation?, (simpleType | complexType)?, (unique | key | keyref)*)). A problem was found starting at: attribute.
2025-06-14 19:19:27,057 [INFO] PluginManage:359 - Loaded plugin pinoutconfig (category:base,tabindex:0)
2025-06-14 19:19:27,057 [INFO] PluginManage:310 - Check plugin power
2025-06-14 19:19:27,100 [INFO] PluginManage:359 - Loaded plugin power (category:power,tabindex:4)
2025-06-14 19:19:27,100 [INFO] PluginManage:310 - Check plugin projectmanager
2025-06-14 19:19:27,116 [INFO] PluginManage:359 - Loaded plugin projectmanager (category:projectmanager,tabindex:4)
2025-06-14 19:19:27,117 [INFO] PluginManage:310 - Check plugin rif
2025-06-14 19:19:27,139 [INFO] PluginManage:359 - Loaded plugin rif (category:base,tabindex:3)
2025-06-14 19:19:27,139 [INFO] PluginManage:310 - Check plugin thirdparty
2025-06-14 19:19:27,392 [WARN] IntegrityCheckThread:84 - waiting for thirdparty lock release [integrity check]
2025-06-14 19:19:27,393 [INFO] IntegrityCheckThread:86 - entering critical section [integrity check]
2025-06-14 19:19:27,393 [INFO] ThirdPartyUpdaterWithRetryManager:70 - Updater plugin not ready yet. [1/15]
2025-06-14 19:19:27,393 [INFO] PluginManage:359 - Loaded plugin thirdparty (category:base,tabindex:-1)
2025-06-14 19:19:27,393 [INFO] PluginManage:310 - Check plugin tools
2025-06-14 19:19:27,408 [INFO] PluginManage:359 - Loaded plugin tools (category:base,tabindex:7)
2025-06-14 19:19:27,408 [INFO] PluginManage:310 - Check plugin tutovideos
2025-06-14 19:19:27,655 [INFO] PluginManage:359 - Loaded plugin tutovideos (category:base,tabindex:-1)
2025-06-14 19:19:27,655 [INFO] PluginManage:310 - Check plugin updater
2025-06-14 19:19:27,701 [INFO] PluginManage:359 - Loaded plugin updater (category:base,tabindex:12)
2025-06-14 19:19:27,701 [INFO] PluginManage:310 - Check plugin userauth
2025-06-14 19:19:27,724 [INFO] UserAuth:118 - Init User Auth plugin
2025-06-14 19:19:27,725 [INFO] PluginManage:359 - Loaded plugin userauth (category:base,tabindex:14)
2025-06-14 19:19:27,725 [INFO] PluginManage:283 - PluginManage : Loaded plugins [18]
2025-06-14 19:19:28,033 [INFO] PinOutPanel:1589 - setPackage(No Configuration,No Configuration)
2025-06-14 19:19:28,191 [INFO] CADModel:165 - CPN selected for project level
2025-06-14 19:19:28,191 [INFO] CADModel:114 - Register for checkConnection events
2025-06-14 19:19:28,249 [INFO] IPUIPlugin:80 - create IPUIPlugin
2025-06-14 19:19:28,249 [INFO] PluginManager:220 - loadIPPluginJar : add adc
2025-06-14 19:19:28,264 [INFO] IPUIPlugin:80 - create IPUIPlugin
2025-06-14 19:19:28,264 [INFO] PluginManager:220 - loadIPPluginJar : add aes
2025-06-14 19:19:28,280 [INFO] IPUIPlugin:80 - create IPUIPlugin
2025-06-14 19:19:28,280 [INFO] PluginManager:220 - loadIPPluginJar : add can
2025-06-14 19:19:28,289 [INFO] IPUIPlugin:80 - create IPUIPlugin
2025-06-14 19:19:28,290 [INFO] PluginManager:220 - loadIPPluginJar : add comp
2025-06-14 19:19:28,306 [INFO] IPUIPlugin:80 - create IPUIPlugin
2025-06-14 19:19:28,307 [INFO] PluginManager:220 - loadIPPluginJar : add cryp
2025-06-14 19:19:28,332 [INFO] IPUIPlugin:80 - create IPUIPlugin
2025-06-14 19:19:28,332 [INFO] PluginManager:220 - loadIPPluginJar : add ddr_ctrl_phy
2025-06-14 19:19:28,356 [INFO] IPUIPlugin:80 - create IPUIPlugin
2025-06-14 19:19:28,356 [INFO] PluginManager:220 - loadIPPluginJar : add dfsdm
2025-06-14 19:19:28,372 [INFO] IPUIPlugin:80 - create IPUIPlugin
2025-06-14 19:19:28,373 [INFO] PluginManager:220 - loadIPPluginJar : add dma
2025-06-14 19:19:28,385 [INFO] IPUIPlugin:80 - create IPUIPlugin
2025-06-14 19:19:28,385 [INFO] PluginManager:220 - loadIPPluginJar : add dma3
2025-06-14 19:19:28,404 [INFO] IPUIPlugin:80 - create IPUIPlugin
2025-06-14 19:19:28,404 [INFO] PluginManager:220 - loadIPPluginJar : add extmemmanager
2025-06-14 19:19:28,415 [INFO] IPUIPlugin:80 - create IPUIPlugin
2025-06-14 19:19:28,415 [INFO] PluginManager:220 - loadIPPluginJar : add fatfs
2025-06-14 19:19:28,431 [INFO] IPUIPlugin:80 - create IPUIPlugin
2025-06-14 19:19:28,431 [INFO] PluginManager:220 - loadIPPluginJar : add fmc
2025-06-14 19:19:28,458 [INFO] IPUIPlugin:80 - create IPUIPlugin
2025-06-14 19:19:28,458 [INFO] PluginManager:220 - loadIPPluginJar : add freertos
2025-06-14 19:19:28,459 [INFO] IPUIPlugin:80 - create IPUIPlugin
2025-06-14 19:19:28,459 [INFO] PluginManager:220 - loadIPPluginJar : add genericplugin
2025-06-14 19:19:28,477 [INFO] IPUIPlugin:80 - create IPUIPlugin
2025-06-14 19:19:28,477 [INFO] PluginManager:220 - loadIPPluginJar : add gfxmmu
2025-06-14 19:19:28,492 [INFO] IPUIPlugin:80 - create IPUIPlugin
2025-06-14 19:19:28,492 [INFO] PluginManager:220 - loadIPPluginJar : add gic
2025-06-14 19:19:28,510 [INFO] IPUIPlugin:80 - create IPUIPlugin
2025-06-14 19:19:28,510 [INFO] PluginManager:220 - loadIPPluginJar : add gpio
2025-06-14 19:19:28,521 [INFO] IPUIPlugin:80 - create IPUIPlugin
2025-06-14 19:19:28,521 [INFO] PluginManager:220 - loadIPPluginJar : add gtzc
2025-06-14 19:19:28,532 [INFO] IPUIPlugin:80 - create IPUIPlugin
2025-06-14 19:19:28,533 [INFO] PluginManager:220 - loadIPPluginJar : add hash
2025-06-14 19:19:28,546 [INFO] IPUIPlugin:80 - create IPUIPlugin
2025-06-14 19:19:28,546 [INFO] PluginManager:220 - loadIPPluginJar : add i2c
2025-06-14 19:19:28,570 [INFO] IPUIPlugin:80 - create IPUIPlugin
2025-06-14 19:19:28,570 [INFO] PluginManager:220 - loadIPPluginJar : add i2s
2025-06-14 19:19:28,590 [INFO] IPUIPlugin:80 - create IPUIPlugin
2025-06-14 19:19:28,590 [INFO] PluginManager:220 - loadIPPluginJar : add i3c
2025-06-14 19:19:28,606 [INFO] IPUIPlugin:80 - create IPUIPlugin
2025-06-14 19:19:28,606 [INFO] PluginManager:220 - loadIPPluginJar : add ipddr
2025-06-14 19:19:28,618 [INFO] IPUIPlugin:80 - create IPUIPlugin
2025-06-14 19:19:28,618 [INFO] PluginManager:220 - loadIPPluginJar : add linkedlist
2025-06-14 19:19:28,651 [INFO] IPUIPlugin:80 - create IPUIPlugin
2025-06-14 19:19:28,651 [INFO] PluginManager:220 - loadIPPluginJar : add lorawan
2025-06-14 19:19:28,663 [INFO] IPUIPlugin:80 - create IPUIPlugin
2025-06-14 19:19:28,663 [INFO] PluginManager:220 - loadIPPluginJar : add ltdc
2025-06-14 19:19:28,675 [INFO] IPUIPlugin:80 - create IPUIPlugin
2025-06-14 19:19:28,676 [INFO] PluginManager:220 - loadIPPluginJar : add mdma
2025-06-14 19:19:28,689 [INFO] IPUIPlugin:80 - create IPUIPlugin
2025-06-14 19:19:28,689 [INFO] PluginManager:220 - loadIPPluginJar : add nvic
2025-06-14 19:19:28,705 [INFO] IPUIPlugin:80 - create IPUIPlugin
2025-06-14 19:19:28,705 [INFO] PluginManager:220 - loadIPPluginJar : add opamp
2025-06-14 19:19:28,715 [INFO] IPUIPlugin:80 - create IPUIPlugin
2025-06-14 19:19:28,715 [INFO] PluginManager:220 - loadIPPluginJar : add openamp
2025-06-14 19:19:28,730 [INFO] IPUIPlugin:80 - create IPUIPlugin
2025-06-14 19:19:28,730 [INFO] PluginManager:220 - loadIPPluginJar : add pdm2pcm
2025-06-14 19:19:28,743 [INFO] IPUIPlugin:80 - create IPUIPlugin
2025-06-14 19:19:28,746 [INFO] PluginManager:220 - loadIPPluginJar : add plateformsettings
2025-06-14 19:19:28,759 [INFO] IPUIPlugin:80 - create IPUIPlugin
2025-06-14 19:19:28,759 [INFO] PluginManager:220 - loadIPPluginJar : add quadspi
2025-06-14 19:19:28,771 [INFO] IPUIPlugin:80 - create IPUIPlugin
2025-06-14 19:19:28,771 [INFO] PluginManager:220 - loadIPPluginJar : add radio
2025-06-14 19:19:28,787 [INFO] IPUIPlugin:80 - create IPUIPlugin
2025-06-14 19:19:28,787 [INFO] PluginManager:220 - loadIPPluginJar : add resmgrutility
2025-06-14 19:19:28,803 [INFO] IPUIPlugin:80 - create IPUIPlugin
2025-06-14 19:19:28,803 [INFO] PluginManager:220 - loadIPPluginJar : add sai
2025-06-14 19:19:28,817 [INFO] IPUIPlugin:80 - create IPUIPlugin
2025-06-14 19:19:28,817 [INFO] PluginManager:220 - loadIPPluginJar : add spi
2025-06-14 19:19:28,834 [INFO] IPUIPlugin:80 - create IPUIPlugin
2025-06-14 19:19:28,834 [INFO] PluginManager:220 - loadIPPluginJar : add stm32_wpan
2025-06-14 19:19:28,849 [INFO] IPUIPlugin:80 - create IPUIPlugin
2025-06-14 19:19:28,849 [INFO] PluginManager:220 - loadIPPluginJar : add tim
2025-06-14 19:19:28,863 [INFO] IPUIPlugin:80 - create IPUIPlugin
2025-06-14 19:19:28,863 [INFO] PluginManager:220 - loadIPPluginJar : add touchsensing
2025-06-14 19:19:28,881 [INFO] IPUIPlugin:80 - create IPUIPlugin
2025-06-14 19:19:28,881 [INFO] PluginManager:220 - loadIPPluginJar : add tracer_emb
2025-06-14 19:19:28,889 [INFO] IPUIPlugin:80 - create IPUIPlugin
2025-06-14 19:19:28,889 [INFO] PluginManager:220 - loadIPPluginJar : add ts
2025-06-14 19:19:28,900 [INFO] IPUIPlugin:80 - create IPUIPlugin
2025-06-14 19:19:28,900 [INFO] PluginManager:220 - loadIPPluginJar : add tsc
2025-06-14 19:19:28,906 [INFO] IPUIPlugin:80 - create IPUIPlugin
2025-06-14 19:19:28,906 [INFO] PluginManager:220 - loadIPPluginJar : add ucpd
2025-06-14 19:19:28,916 [INFO] IPUIPlugin:80 - create IPUIPlugin
2025-06-14 19:19:28,916 [INFO] PluginManager:220 - loadIPPluginJar : add usart
2025-06-14 19:19:28,929 [INFO] IPUIPlugin:80 - create IPUIPlugin
2025-06-14 19:19:28,929 [INFO] PluginManager:220 - loadIPPluginJar : add usbx
2025-06-14 19:19:29,112 [FATAL] Updater:351 - Updater called before beeing initialized
2025-06-14 19:19:29,160 [INFO] RulesReader:64 - Compatibility file has been processed (302 Rules)
2025-06-14 19:19:29,170 [INFO] RulesReader:64 - Compatibility file has been processed (302 Rules)
2025-06-14 19:19:29,201 [INFO] CADModel:165 - CPN selected for project level
2025-06-14 19:19:29,201 [INFO] CADModel:114 - Register for checkConnection events
2025-06-14 19:19:29,201 [FATAL] Updater:351 - Updater called before beeing initialized
2025-06-14 19:19:29,201 [ERROR] CADModel:125 - Updater not yet initialized, retry later 
2025-06-14 19:19:29,470 [FATAL] Updater:351 - Updater called before beeing initialized
2025-06-14 19:19:29,479 [INFO] CADModel:165 - CPN selected for project level
2025-06-14 19:19:29,479 [INFO] CADModel:114 - Register for checkConnection events
2025-06-14 19:19:29,479 [FATAL] Updater:351 - Updater called before beeing initialized
2025-06-14 19:19:29,480 [ERROR] CADModel:125 - Updater not yet initialized, retry later 
2025-06-14 19:19:29,489 [FATAL] Updater:351 - Updater called before beeing initialized
2025-06-14 19:19:29,600 [FATAL] Updater:351 - Updater called before beeing initialized
2025-06-14 19:19:29,626 [INFO] DbMcusAds:53 - JSON generation date=Wed May 07 06:07:55 ART 2025 (1746608875484)
2025-06-14 19:19:29,626 [FATAL] Updater:351 - Updater called before beeing initialized
2025-06-14 19:19:29,741 [WARN] DetailPanel:346 - Failed to get advertising image, set to default
2025-06-14 19:19:29,948 [FATAL] Updater:351 - Updater called before beeing initialized
2025-06-14 19:19:29,950 [FATAL] Updater:351 - Updater called before beeing initialized
2025-06-14 19:19:29,950 [FATAL] Updater:351 - Updater called before beeing initialized
2025-06-14 19:19:29,950 [WARN] DetailPanel:346 - Failed to get advertising image, set to default
2025-06-14 19:19:29,951 [FATAL] Updater:351 - Updater called before beeing initialized
2025-06-14 19:19:30,034 [ERROR] Updater:1198 - MainUpdater not yet initialized. External WinMGr cannot be set.
2025-06-14 19:19:30,040 [INFO] Updater:1134 - Updater Version found : 6.14.1
2025-06-14 19:19:30,071 [INFO] ApplicationProperties:184 - Using Application install path: C:\ST\STM32CubeIDE_1.18.1\STM32CubeIDE\plugins\com.st.stm32cube.common.mx_6.14.1.202504091515
2025-06-14 19:19:30,402 [INFO] ThirdPartyUpdaterWithRetryManager:70 - Updater plugin not ready yet. [2/15]
2025-06-14 19:19:31,680 [ERROR] LogOutputStream:75 - [STDERR_REDIRECT] Jun 14, 2025 7:19:31 PM java.util.prefs.WindowsPreferences <init>
2025-06-14 19:19:31,681 [ERROR] LogOutputStream:75 - [STDERR_REDIRECT] WARNING: Could not open/create prefs root node Software\JavaSoft\Prefs at root 0xffffffff80000002. Windows RegCreateKeyEx(...) returned error code 5.
2025-06-14 19:19:31,681 [ERROR] LogOutputStream:75 - [STDERR_REDIRECT] 
2025-06-14 19:19:33,067 [INFO] MainUpdater:2872 - connection check result : 10
2025-06-14 19:19:33,067 [INFO] MainUpdater:289 - Updater Check For Update Now.
2025-06-14 19:19:33,068 [INFO] MicroXplorer:498 - Change Database Version : DB.6.0.141
2025-06-14 19:19:33,083 [INFO] McuFinderGlobals:63 - Set McuFinder mode to 2 (CubeIDE integrated)
2025-06-14 19:19:33,084 [INFO] UserAuth:484 - Internet connection configuration mode: 1
2025-06-14 19:19:33,240 [INFO] JxBrowserEngine:152 - Initiate JxBrowser Engine with user profile folder
2025-06-14 19:19:33,343 [INFO] CheckServerUpdateThread:120 - End of CheckServer Thread
2025-06-14 19:19:34,122 [WARN] PackLoader:240 - Cannot read IP mode file for STMicroelectronics.FP-SNS-MOTENVWB1.1.4.0
2025-06-14 19:19:34,167 [WARN] PackLoader:240 - Cannot read IP mode file for STMicroelectronics.FP-ATR-ASTRA1.2.0.2
2025-06-14 19:19:34,330 [WARN] PackLoader:240 - Cannot read IP mode file for STMicroelectronics.X-CUBE-SMBUS.2.1.0
2025-06-14 19:19:34,364 [WARN] PackLoader:240 - Cannot read IP mode file for STMicroelectronics.X-CUBE-ST60.1.0.0
2025-06-14 19:19:34,480 [WARN] PackLoader:240 - Cannot read IP mode file for STMicroelectronics.X-CUBE-AZRTOS-F7.1.1.0
2025-06-14 19:19:34,528 [WARN] PackLoader:240 - Cannot read IP mode file for Infineon.AIROC-Wi-Fi-Bluetooth-STM32.1.7.0
2025-06-14 19:19:34,599 [WARN] PackLoader:240 - Cannot read IP mode file for STMicroelectronics.X-CUBE-DISPLAY.3.0.0
2025-06-14 19:19:34,651 [WARN] PackLoader:240 - Cannot read IP mode file for STMicroelectronics.X-CUBE-NFC10.1.0.0
2025-06-14 19:19:34,681 [WARN] PackLoader:240 - Cannot read IP mode file for STMicroelectronics.X-CUBE-BLEMGR.4.0.0
2025-06-14 19:19:34,698 [WARN] PackLoader:240 - Cannot read IP mode file for emotas.I-CUBE-CANOPEN.1.3.0
2025-06-14 19:19:34,718 [WARN] ConditionMgr:438 - getConditionDescription Invalid condition id : Cortex-A Device cause : null
2025-06-14 19:19:34,726 [WARN] ConditionMgr:1044 - genDependencies : Invalid condition id : Cortex-A Device cause : null
2025-06-14 19:19:34,727 [WARN] ConditionMgr:1044 - genDependencies : Invalid condition id : Cortex-A Device cause : null
2025-06-14 19:19:34,727 [WARN] ConditionMgr:1044 - genDependencies : Invalid condition id : Cortex-A Device cause : null
2025-06-14 19:19:34,742 [WARN] PackLoader:240 - Cannot read IP mode file for STMicroelectronics.FP-SNS-SMARTAG2.1.2.0
2025-06-14 19:19:34,762 [WARN] PackLoader:240 - Cannot read IP mode file for STMicroelectronics.FP-SNS-FLIGHT1.5.1.0
2025-06-14 19:19:34,810 [INFO] LogOutputStream:77 - [STDOUT_REDIRECT] 1 : Invalid condition id : UX_CORESTACK_Condition cause : null
2025-06-14 19:19:34,810 [INFO] LogOutputStream:77 - [STDOUT_REDIRECT] 1 : Invalid condition id : UX_CORESTACK_Condition cause : null
2025-06-14 19:19:34,812 [INFO] LogOutputStream:77 - [STDOUT_REDIRECT] 1 : Invalid condition id : UX_CORESTACK_Condition cause : null
2025-06-14 19:19:34,813 [INFO] LogOutputStream:77 - [STDOUT_REDIRECT] 1 : Invalid condition id : UX_CORESTACK_Condition cause : null
2025-06-14 19:19:34,813 [INFO] LogOutputStream:77 - [STDOUT_REDIRECT] 1 : Invalid condition id : UX_CORESTACK_Condition cause : null
2025-06-14 19:19:34,815 [WARN] PackLoader:240 - Cannot read IP mode file for STMicroelectronics.X-CUBE-AZRTOS-WL.2.0.0
2025-06-14 19:19:34,830 [WARN] PackLoader:240 - Cannot read IP mode file for STMicroelectronics.FP-SNS-MOTENV1.5.0.0
2025-06-14 19:19:34,843 [WARN] PackLoader:240 - Cannot read IP mode file for WES.I-CUBE-Cesium.1.3.0
2025-06-14 19:19:34,854 [WARN] PackLoader:240 - Cannot read IP mode file for STMicroelectronics.X-CUBE-BLE2.3.3.0
2025-06-14 19:19:34,892 [WARN] PackLoader:240 - Cannot read IP mode file for STMicroelectronics.X-CUBE-NFC9.1.0.0
2025-06-14 19:19:34,907 [WARN] PackLoader:240 - Cannot read IP mode file for wolfSSL.I-CUBE-wolfSSL.5.8.0
2025-06-14 19:19:34,928 [WARN] PackLoader:240 - Cannot read IP mode file for STMicroelectronics.X-CUBE-BLE1.7.1.0
2025-06-14 19:19:34,937 [WARN] PackLoader:240 - Cannot read IP mode file for wolfSSL.I-CUBE-wolfMQTT.1.19.2
2025-06-14 19:19:35,002 [WARN] PackLoader:240 - Cannot read IP mode file for STMicroelectronics.X-CUBE-AI.10.1.0
2025-06-14 19:19:35,097 [WARN] PackLoader:240 - Cannot read IP mode file for STMicroelectronics.X-CUBE-MEMS1.11.2.0
2025-06-14 19:19:35,238 [WARN] PackLoader:240 - Cannot read IP mode file for STMicroelectronics.X-CUBE-AZRTOS-G0.1.1.0
2025-06-14 19:19:35,257 [WARN] PackLoader:240 - Cannot read IP mode file for STMicroelectronics.X-CUBE-SAFEA1.1.2.2
2025-06-14 19:19:35,292 [WARN] PackLoader:240 - Cannot read IP mode file for STMicroelectronics.X-CUBE-NFC4.3.0.0
2025-06-14 19:19:35,333 [WARN] PackLoader:240 - Cannot read IP mode file for EmbeddedOffice.I-CUBE-FS-RTOS.1.0.1
2025-06-14 19:19:35,354 [WARN] PackLoader:240 - Cannot read IP mode file for STMicroelectronics.X-CUBE-WB05N.2.0.0
2025-06-14 19:19:35,377 [WARN] PackLoader:240 - Cannot read IP mode file for wolfSSL.I-CUBE-wolfTPM.3.8.0
2025-06-14 19:19:35,395 [WARN] PackLoader:240 - Cannot read IP mode file for STMicroelectronics.X-CUBE-TCPP.4.2.0
2025-06-14 19:19:35,429 [WARN] PackLoader:240 - Cannot read IP mode file for RealThread.X-CUBE-RT-Thread_Nano.4.1.1
2025-06-14 19:19:35,451 [WARN] PackLoader:240 - Cannot read IP mode file for STMicroelectronics.FP-ATR-SIGFOX1.3.2.0
2025-06-14 19:19:35,469 [WARN] PackLoader:240 - Cannot read IP mode file for STMicroelectronics.X-CUBE-EEPRMA1.5.1.0
2025-06-14 19:19:35,492 [WARN] PackLoader:240 - Cannot read IP mode file for ITTIA_DB.I-CUBE-ITTIADB.8.9.0
2025-06-14 19:19:35,526 [WARN] PackLoader:240 - Cannot read IP mode file for SEGGER.I-CUBE-embOS.1.3.1
2025-06-14 19:19:35,570 [WARN] PackLoader:240 - Cannot read IP mode file for STMicroelectronics.X-CUBE-ALGOBUILD.1.4.0
2025-06-14 19:19:35,673 [WARN] PackLoader:240 - Cannot read IP mode file for STMicroelectronics.X-CUBE-MEMS1.11.3.0
2025-06-14 19:19:35,828 [WARN] PackLoader:240 - Cannot read IP mode file for STMicroelectronics.X-CUBE-AZRTOS-F4.1.1.0
2025-06-14 19:19:35,840 [WARN] PackLoader:240 - Cannot read IP mode file for Avnet-IotConnect.X-CUBE-IoTC-DA16k-PMOD.1.0.0
2025-06-14 19:19:35,873 [WARN] PackLoader:240 - Cannot read IP mode file for STMicroelectronics.X-CUBE-ISPU.2.1.0
2025-06-14 19:19:36,027 [WARN] PackLoader:240 - Cannot read IP mode file for STMicroelectronics.X-CUBE-AZRTOS-L5.2.0.0
2025-06-14 19:19:36,067 [WARN] PackLoader:240 - Cannot read IP mode file for STMicroelectronics.X-CUBE-NFC6.3.1.0
2025-06-14 19:19:36,093 [WARN] PackLoader:240 - Cannot read IP mode file for STMicroelectronics.X-CUBE-FREERTOS.1.3.1
2025-06-14 19:19:36,112 [WARN] PackLoader:240 - Cannot read IP mode file for STMicroelectronics.X-CUBE-DPower.1.3.0
2025-06-14 19:19:36,174 [WARN] ConditionMgr:438 - getConditionDescription Invalid condition id : LAN8742 Phy interface Condition cause : null
2025-06-14 19:19:36,174 [WARN] PackLoader:240 - Cannot read IP mode file for STMicroelectronics.X-CUBE-AZRTOS-L4.2.0.0
2025-06-14 19:19:36,175 [WARN] ConditionMgr:1044 - genDependencies : Invalid condition id : LAN8742 Phy interface Condition cause : null
2025-06-14 19:19:36,175 [WARN] ConditionMgr:1044 - genDependencies : Invalid condition id : LAN8742 Phy interface Condition cause : null
2025-06-14 19:19:36,175 [WARN] ConditionMgr:1044 - genDependencies : Invalid condition id : LAN8742 Phy interface Condition cause : null
2025-06-14 19:19:36,226 [WARN] PackLoader:240 - Cannot read IP mode file for STMicroelectronics.X-CUBE-SFXS2LP1.4.0.0
2025-06-14 19:19:36,277 [WARN] PackLoader:240 - Cannot read IP mode file for STMicroelectronics.X-CUBE-AZRTOS-H7.3.3.0
2025-06-14 19:19:36,351 [WARN] ConditionMgr:438 - getConditionDescription Invalid condition id : UX DEVICE CLASS RTOS Condition cause : null
2025-06-14 19:19:36,351 [WARN] ConditionMgr:438 - getConditionDescription Invalid condition id : UX DEVICE CLASS RTOS Condition cause : null
2025-06-14 19:19:36,352 [WARN] PackLoader:240 - Cannot read IP mode file for STMicroelectronics.X-CUBE-AZRTOS-WB.2.0.0
2025-06-14 19:19:36,353 [WARN] ConditionMgr:1044 - genDependencies : Invalid condition id : UX DEVICE CLASS RTOS Condition cause : null
2025-06-14 19:19:36,353 [WARN] ConditionMgr:1044 - genDependencies : Invalid condition id : UX DEVICE CLASS RTOS Condition cause : null
2025-06-14 19:19:36,353 [WARN] ConditionMgr:1044 - genDependencies : Invalid condition id : UX DEVICE CLASS RTOS Condition cause : null
2025-06-14 19:19:36,353 [WARN] ConditionMgr:1044 - genDependencies : Invalid condition id : UX DEVICE CLASS RTOS Condition cause : null
2025-06-14 19:19:36,353 [WARN] ConditionMgr:1044 - genDependencies : Invalid condition id : UX DEVICE CLASS RTOS Condition cause : null
2025-06-14 19:19:36,369 [WARN] PackLoader:240 - Cannot read IP mode file for STMicroelectronics.X-CUBE-GNSS1.7.0.1
2025-06-14 19:19:36,391 [WARN] PackLoader:240 - Cannot read IP mode file for STMicroelectronics.X-CUBE-TOUCHGFX.4.25.0
2025-06-14 19:19:36,439 [WARN] PackLoader:240 - Cannot read IP mode file for STMicroelectronics.FP-SNS-STBOX1.2.0.0
2025-06-14 19:19:36,521 [WARN] PackLoader:240 - Cannot read IP mode file for STMicroelectronics.X-CUBE-SUBG2.5.0.0
2025-06-14 19:19:36,564 [WARN] PackLoader:240 - Cannot read IP mode file for STMicroelectronics.X-CUBE-AZRTOS-H7RS.1.1.0
2025-06-14 19:19:36,598 [WARN] PackLoader:240 - Cannot read IP mode file for Cesanta.I-CUBE-Mongoose.7.13.0
2025-06-14 19:19:36,675 [WARN] PackLoader:240 - Cannot read IP mode file for STMicroelectronics.X-CUBE-AZRTOS-G4.2.0.0
2025-06-14 19:19:36,695 [WARN] PackLoader:240 - Cannot read IP mode file for wolfSSL.I-CUBE-wolfSSH.1.4.20
2025-06-14 19:19:36,746 [WARN] PackLoader:240 - Cannot read IP mode file for STMicroelectronics.X-CUBE-NFC7.2.0.0
2025-06-14 19:19:36,780 [WARN] PackLoader:240 - Cannot read IP mode file for STMicroelectronics.X-CUBE-IPS.3.1.0
2025-06-14 19:19:36,801 [WARN] PackLoader:240 - Cannot read IP mode file for STMicroelectronics.X-CUBE-ALS.1.0.2
2025-06-14 19:19:36,829 [WARN] PackLoader:240 - Cannot read IP mode file for portGmbH.I-Cube-SoM-uGOAL.1.1.0
2025-06-14 19:19:36,850 [WARN] PackLoader:240 - Cannot read IP mode file for STMicroelectronics.X-CUBE-TOF1.3.4.3
2025-06-14 19:19:36,855 [INFO] ThirdParty:978 - Integrity check success = true
2025-06-14 19:19:36,856 [INFO] IntegrityCheckThread:100 - exiting critical section [integrity check]
2025-06-14 19:19:36,856 [INFO] IntegrityCheckThread:103 - End integrity checks thread
2025-06-14 19:19:44,978 [INFO] WebApp:169 - Instantiating new browser for Auth
2025-06-14 19:19:52,740 [INFO] WebApp:463 - Apply proxy settings
2025-06-14 19:19:52,741 [INFO] WebApp:548 - Chromium requires no authentication
2025-06-14 19:19:53,054 [INFO] WebApp:491 - Direct internet connection detected
2025-06-14 19:19:53,905 [INFO] WebApp:894 - Register for checkConnection events
2025-06-14 19:19:53,905 [INFO] WebApp:463 - Apply proxy settings
2025-06-14 19:19:53,905 [INFO] WebApp:548 - Chromium requires no authentication
2025-06-14 19:19:53,905 [INFO] WebApp:491 - Direct internet connection detected
2025-06-14 19:19:57,029 [INFO] WebApp:191 - Connection restablished
2025-06-14 19:20:04,142 [INFO] WebApp:225 - Starting web application
2025-06-14 19:20:04,142 [INFO] WebApp:593 - Web application path used C:\ST\STM32CubeIDE_1.18.1\STM32CubeIDE\plugins\com.st.stm32cube.common.mx_6.14.1.202504091515\db\plugins\mcufinder\reactClient1\index.html
2025-06-14 19:20:05,475 [INFO] UserAuth:484 - Internet connection configuration mode: 1
2025-06-14 19:37:00,154 [ERROR] LogOutputStream:75 - [STDERR_REDIRECT] 
2025-06-14 20:00:29,986 [INFO] Activator:176 - 


2025-06-14 20:00:29,987 [INFO] Activator:177 - !SESSION log4j initialized
2025-06-14 20:00:34,165 [INFO] LogOutputStream:77 - [STDOUT_REDIRECT] 
2025-06-14 20:00:40,090 [INFO] ApplicationProperties:184 - Using Application install path: C:\ST\STM32CubeIDE_1.18.1\STM32CubeIDE\plugins\com.st.stm32cube.common.mx_6.14.1.202504091515
2025-06-14 20:00:40,108 [INFO] DbMcusXml:78 - Set database path to: C:\ST\STM32CubeIDE_1.18.1\STM32CubeIDE\plugins\com.st.stm32cube.common.mx_6.14.1.202504091515\\db\/mcu/
2025-06-14 20:00:40,108 [INFO] ApiDb:274 - Set plugin database path to: C:\ST\STM32CubeIDE_1.18.1\STM32CubeIDE\plugins\com.st.stm32cube.common.mx_6.14.1.202504091515\\db\/plugins/boardmanager/
2025-06-14 20:00:40,108 [WARN] ApiDb:259 - Overriding images path with different value:  => C:\ST\STM32CubeIDE_1.18.1\STM32CubeIDE\plugins\com.st.stm32cube.common.mx_6.14.1.202504091515\\db\/plugins/mcufinder/images/
2025-06-14 20:00:40,113 [INFO] ApiDb:250 - Set database path to: C:\Users\sebas\.stmcufinder\plugins\mcufinder//mcu/
2025-06-14 20:00:40,114 [INFO] DbMcusAds:125 - Set database path to: C:\Users\sebas\.stmcufinder\plugins\mcufinder//mcu/
2025-06-14 20:00:40,116 [INFO] CrossReferenceDbSqlite:203 - Set database path to: C:\Users\sebas\.stmcufinder\plugins\mcufinder//mcu/cs/
2025-06-14 20:00:40,222 [INFO] RulesReader:64 - Compatibility file has been processed (302 Rules)
2025-06-14 20:00:40,392 [INFO] DbMcusXml:78 - Set database path to: C:\ST\STM32CubeIDE_1.18.1\STM32CubeIDE\plugins\com.st.stm32cube.common.mx_6.14.1.202504091515\\db\/mcu/
2025-06-14 20:00:40,392 [INFO] ApiDb:274 - Set plugin database path to: C:\ST\STM32CubeIDE_1.18.1\STM32CubeIDE\plugins\com.st.stm32cube.common.mx_6.14.1.202504091515\\db\/plugins/boardmanager/
2025-06-14 20:00:40,392 [INFO] ApiDb:261 - Set plugin images path to: C:\ST\STM32CubeIDE_1.18.1\STM32CubeIDE\plugins\com.st.stm32cube.common.mx_6.14.1.202504091515\\db\/plugins/mcufinder/images/
2025-06-14 20:00:40,393 [WARN] DbFile:41 - Overriding database path with different value: C:\Users\sebas\.stmcufinder\plugins\mcufinder/ => C:\Users\sebas\.stmcufinder\plugins\mcufinder
2025-06-14 20:00:40,393 [INFO] ApiDb:250 - Set database path to: C:\Users\sebas\.stmcufinder\plugins\mcufinder//mcu/
2025-06-14 20:00:40,393 [WARN] DbFile:41 - Overriding database path with different value: C:\Users\sebas\.stmcufinder\plugins\mcufinder/ => C:\Users\sebas\.stmcufinder\plugins\mcufinder
2025-06-14 20:00:40,393 [INFO] DbMcusAds:125 - Set database path to: C:\Users\sebas\.stmcufinder\plugins\mcufinder//mcu/
2025-06-14 20:00:40,393 [WARN] DbFile:41 - Overriding database path with different value: C:\Users\sebas\.stmcufinder\plugins\mcufinder/ => C:\Users\sebas\.stmcufinder\plugins\mcufinder
2025-06-14 20:00:40,393 [WARN] DbFile:41 - Overriding database path with different value: C:\Users\sebas\.stmcufinder\plugins\mcufinder/ => C:\Users\sebas\.stmcufinder\plugins\mcufinder
2025-06-14 20:00:40,393 [INFO] CrossReferenceDbSqlite:203 - Set database path to: C:\Users\sebas\.stmcufinder\plugins\mcufinder//mcu/cs/
2025-06-14 20:00:40,455 [INFO] MainPanel:272 - HeapMemory: 268435456
2025-06-14 20:00:40,538 [INFO] DbMcusXml:78 - Set database path to: C:\ST\STM32CubeIDE_1.18.1\STM32CubeIDE\plugins\com.st.stm32cube.common.mx_6.14.1.202504091515\\db\/mcu/
2025-06-14 20:00:40,539 [INFO] ApiDb:274 - Set plugin database path to: C:\ST\STM32CubeIDE_1.18.1\STM32CubeIDE\plugins\com.st.stm32cube.common.mx_6.14.1.202504091515\\db\/plugins/boardmanager/
2025-06-14 20:00:40,539 [INFO] ApiDb:261 - Set plugin images path to: C:\ST\STM32CubeIDE_1.18.1\STM32CubeIDE\plugins\com.st.stm32cube.common.mx_6.14.1.202504091515\\db\/plugins/mcufinder/images/
2025-06-14 20:00:40,539 [WARN] DbFile:41 - Overriding database path with different value: C:\Users\sebas\.stmcufinder\plugins\mcufinder/ => C:\Users\sebas\.stmcufinder\plugins\mcufinder
2025-06-14 20:00:40,539 [INFO] ApiDb:250 - Set database path to: C:\Users\sebas\.stmcufinder\plugins\mcufinder//mcu/
2025-06-14 20:00:40,539 [WARN] DbFile:41 - Overriding database path with different value: C:\Users\sebas\.stmcufinder\plugins\mcufinder/ => C:\Users\sebas\.stmcufinder\plugins\mcufinder
2025-06-14 20:00:40,539 [INFO] DbMcusAds:125 - Set database path to: C:\Users\sebas\.stmcufinder\plugins\mcufinder//mcu/
2025-06-14 20:00:40,539 [WARN] DbFile:41 - Overriding database path with different value: C:\Users\sebas\.stmcufinder\plugins\mcufinder/ => C:\Users\sebas\.stmcufinder\plugins\mcufinder
2025-06-14 20:00:40,539 [WARN] DbFile:41 - Overriding database path with different value: C:\Users\sebas\.stmcufinder\plugins\mcufinder/ => C:\Users\sebas\.stmcufinder\plugins\mcufinder
2025-06-14 20:00:40,539 [INFO] CrossReferenceDbSqlite:203 - Set database path to: C:\Users\sebas\.stmcufinder\plugins\mcufinder//mcu/cs/
2025-06-14 20:00:40,556 [INFO] ApplicationProperties:184 - Using Application install path: C:\ST\STM32CubeIDE_1.18.1\STM32CubeIDE\plugins\com.st.stm32cube.common.mx_6.14.1.202504091515
2025-06-14 20:00:40,557 [INFO] PluginManage:196 - Search for loadable plugins [exclusion list=, ]
2025-06-14 20:00:40,559 [INFO] PluginManage:310 - Check plugin analytics
2025-06-14 20:00:45,247 [INFO] AnalyticsPlugin:253 - Accepted Software Licenses: 
2025-06-14 20:00:45,247 [INFO] AnalyticsPlugin:255 - Accepted CMSIS Pack Licenses: 
2025-06-14 20:00:45,247 [INFO] AnalyticsPlugin:257 - Accepted Firmware Licenses: FW.F4.1.28.0
2025-06-14 20:00:45,249 [INFO] PluginManage:359 - Loaded plugin analytics (category:tool,tabindex:-1)
2025-06-14 20:00:45,249 [INFO] PluginManage:310 - Check plugin cadmodel
2025-06-14 20:00:45,252 [INFO] CADModel:105 - Init CAD model plugin
2025-06-14 20:00:45,252 [INFO] PluginManage:359 - Loaded plugin cadmodel (category:power,tabindex:5)
2025-06-14 20:00:45,252 [INFO] PluginManage:310 - Check plugin clock
2025-06-14 20:00:45,258 [INFO] PluginManage:359 - Loaded plugin clock (category:base,tabindex:2)
2025-06-14 20:00:45,258 [INFO] PluginManage:310 - Check plugin ddr
2025-06-14 20:00:45,260 [INFO] PluginManage:359 - Loaded plugin ddr (category:tool,tabindex:6)
2025-06-14 20:00:45,260 [INFO] PluginManage:310 - Check plugin filemanager
2025-06-14 20:00:45,355 [INFO] PluginManage:359 - Loaded plugin filemanager (category:base,tabindex:10)
2025-06-14 20:00:45,355 [INFO] PluginManage:310 - Check plugin ipmanager
2025-06-14 20:00:45,359 [INFO] PluginManage:359 - Loaded plugin ipmanager (category:base,tabindex:5)
2025-06-14 20:00:45,359 [INFO] PluginManage:310 - Check plugin lpbam
2025-06-14 20:00:45,364 [INFO] PluginManage:359 - Loaded plugin lpbam (category:base,tabindex:0)
2025-06-14 20:00:45,365 [INFO] PluginManage:310 - Check plugin memorymap
2025-06-14 20:00:45,371 [INFO] PluginManage:359 - Loaded plugin memorymap (category:base,tabindex:4)
2025-06-14 20:00:45,371 [INFO] PluginManage:310 - Check plugin pinoutandconfiguration
2025-06-14 20:00:45,376 [INFO] PluginManage:359 - Loaded plugin pinoutandconfiguration (category:base,tabindex:1)
2025-06-14 20:00:45,376 [INFO] PluginManage:310 - Check plugin pinoutconfig
2025-06-14 20:00:45,436 [WARN] SupportedApi:132 - Cannot load RTOS API schema: s4s-elt-must-match.1: The content of 'definitions' must match (annotation?, (simpleType | complexType)?, (unique | key | keyref)*)). A problem was found starting at: attribute.
2025-06-14 20:00:45,520 [INFO] PluginManage:359 - Loaded plugin pinoutconfig (category:base,tabindex:0)
2025-06-14 20:00:45,520 [INFO] PluginManage:310 - Check plugin power
2025-06-14 20:00:45,527 [INFO] PluginManage:359 - Loaded plugin power (category:power,tabindex:4)
2025-06-14 20:00:45,527 [INFO] PluginManage:310 - Check plugin projectmanager
2025-06-14 20:00:45,541 [INFO] PluginManage:359 - Loaded plugin projectmanager (category:projectmanager,tabindex:4)
2025-06-14 20:00:45,541 [INFO] PluginManage:310 - Check plugin rif
2025-06-14 20:00:45,546 [INFO] PluginManage:359 - Loaded plugin rif (category:base,tabindex:3)
2025-06-14 20:00:45,546 [INFO] PluginManage:310 - Check plugin thirdparty
2025-06-14 20:00:45,630 [WARN] IntegrityCheckThread:84 - waiting for thirdparty lock release [integrity check]
2025-06-14 20:00:45,631 [INFO] IntegrityCheckThread:86 - entering critical section [integrity check]
2025-06-14 20:00:45,631 [INFO] PluginManage:359 - Loaded plugin thirdparty (category:base,tabindex:-1)
2025-06-14 20:00:45,631 [INFO] PluginManage:310 - Check plugin tools
2025-06-14 20:00:45,631 [INFO] ThirdPartyUpdaterWithRetryManager:70 - Updater plugin not ready yet. [1/15]
2025-06-14 20:00:45,633 [INFO] PluginManage:359 - Loaded plugin tools (category:base,tabindex:7)
2025-06-14 20:00:45,634 [INFO] PluginManage:310 - Check plugin tutovideos
2025-06-14 20:00:45,737 [INFO] PluginManage:359 - Loaded plugin tutovideos (category:base,tabindex:-1)
2025-06-14 20:00:45,737 [INFO] PluginManage:310 - Check plugin updater
2025-06-14 20:00:45,755 [INFO] PluginManage:359 - Loaded plugin updater (category:base,tabindex:12)
2025-06-14 20:00:45,755 [INFO] PluginManage:310 - Check plugin userauth
2025-06-14 20:00:45,760 [INFO] UserAuth:118 - Init User Auth plugin
2025-06-14 20:00:45,761 [INFO] PluginManage:359 - Loaded plugin userauth (category:base,tabindex:14)
2025-06-14 20:00:45,761 [INFO] PluginManage:283 - PluginManage : Loaded plugins [18]
2025-06-14 20:00:46,006 [INFO] PinOutPanel:1589 - setPackage(No Configuration,No Configuration)
2025-06-14 20:00:46,060 [INFO] CADModel:165 - CPN selected for project level
2025-06-14 20:00:46,060 [INFO] CADModel:114 - Register for checkConnection events
2025-06-14 20:00:46,070 [INFO] IPUIPlugin:80 - create IPUIPlugin
2025-06-14 20:00:46,070 [INFO] PluginManager:220 - loadIPPluginJar : add adc
2025-06-14 20:00:46,072 [INFO] IPUIPlugin:80 - create IPUIPlugin
2025-06-14 20:00:46,072 [INFO] PluginManager:220 - loadIPPluginJar : add aes
2025-06-14 20:00:46,074 [INFO] IPUIPlugin:80 - create IPUIPlugin
2025-06-14 20:00:46,074 [INFO] PluginManager:220 - loadIPPluginJar : add can
2025-06-14 20:00:46,075 [INFO] IPUIPlugin:80 - create IPUIPlugin
2025-06-14 20:00:46,075 [INFO] PluginManager:220 - loadIPPluginJar : add comp
2025-06-14 20:00:46,076 [INFO] IPUIPlugin:80 - create IPUIPlugin
2025-06-14 20:00:46,076 [INFO] PluginManager:220 - loadIPPluginJar : add cryp
2025-06-14 20:00:46,077 [INFO] IPUIPlugin:80 - create IPUIPlugin
2025-06-14 20:00:46,077 [INFO] PluginManager:220 - loadIPPluginJar : add ddr_ctrl_phy
2025-06-14 20:00:46,078 [INFO] IPUIPlugin:80 - create IPUIPlugin
2025-06-14 20:00:46,079 [INFO] PluginManager:220 - loadIPPluginJar : add dfsdm
2025-06-14 20:00:46,081 [INFO] IPUIPlugin:80 - create IPUIPlugin
2025-06-14 20:00:46,082 [INFO] PluginManager:220 - loadIPPluginJar : add dma
2025-06-14 20:00:46,083 [INFO] IPUIPlugin:80 - create IPUIPlugin
2025-06-14 20:00:46,083 [INFO] PluginManager:220 - loadIPPluginJar : add dma3
2025-06-14 20:00:46,085 [INFO] IPUIPlugin:80 - create IPUIPlugin
2025-06-14 20:00:46,085 [INFO] PluginManager:220 - loadIPPluginJar : add extmemmanager
2025-06-14 20:00:46,086 [INFO] IPUIPlugin:80 - create IPUIPlugin
2025-06-14 20:00:46,086 [INFO] PluginManager:220 - loadIPPluginJar : add fatfs
2025-06-14 20:00:46,089 [INFO] IPUIPlugin:80 - create IPUIPlugin
2025-06-14 20:00:46,089 [INFO] PluginManager:220 - loadIPPluginJar : add fmc
2025-06-14 20:00:46,092 [INFO] IPUIPlugin:80 - create IPUIPlugin
2025-06-14 20:00:46,093 [INFO] PluginManager:220 - loadIPPluginJar : add freertos
2025-06-14 20:00:46,093 [INFO] IPUIPlugin:80 - create IPUIPlugin
2025-06-14 20:00:46,093 [INFO] PluginManager:220 - loadIPPluginJar : add genericplugin
2025-06-14 20:00:46,095 [INFO] IPUIPlugin:80 - create IPUIPlugin
2025-06-14 20:00:46,095 [INFO] PluginManager:220 - loadIPPluginJar : add gfxmmu
2025-06-14 20:00:46,097 [INFO] IPUIPlugin:80 - create IPUIPlugin
2025-06-14 20:00:46,097 [INFO] PluginManager:220 - loadIPPluginJar : add gic
2025-06-14 20:00:46,100 [INFO] IPUIPlugin:80 - create IPUIPlugin
2025-06-14 20:00:46,100 [INFO] PluginManager:220 - loadIPPluginJar : add gpio
2025-06-14 20:00:46,102 [INFO] IPUIPlugin:80 - create IPUIPlugin
2025-06-14 20:00:46,102 [INFO] PluginManager:220 - loadIPPluginJar : add gtzc
2025-06-14 20:00:46,104 [INFO] IPUIPlugin:80 - create IPUIPlugin
2025-06-14 20:00:46,104 [INFO] PluginManager:220 - loadIPPluginJar : add hash
2025-06-14 20:00:46,105 [INFO] IPUIPlugin:80 - create IPUIPlugin
2025-06-14 20:00:46,105 [INFO] PluginManager:220 - loadIPPluginJar : add i2c
2025-06-14 20:00:46,106 [INFO] IPUIPlugin:80 - create IPUIPlugin
2025-06-14 20:00:46,107 [INFO] PluginManager:220 - loadIPPluginJar : add i2s
2025-06-14 20:00:46,108 [INFO] IPUIPlugin:80 - create IPUIPlugin
2025-06-14 20:00:46,108 [INFO] PluginManager:220 - loadIPPluginJar : add i3c
2025-06-14 20:00:46,110 [INFO] IPUIPlugin:80 - create IPUIPlugin
2025-06-14 20:00:46,110 [INFO] PluginManager:220 - loadIPPluginJar : add ipddr
2025-06-14 20:00:46,114 [INFO] IPUIPlugin:80 - create IPUIPlugin
2025-06-14 20:00:46,114 [INFO] PluginManager:220 - loadIPPluginJar : add linkedlist
2025-06-14 20:00:46,117 [INFO] IPUIPlugin:80 - create IPUIPlugin
2025-06-14 20:00:46,117 [INFO] PluginManager:220 - loadIPPluginJar : add lorawan
2025-06-14 20:00:46,118 [INFO] IPUIPlugin:80 - create IPUIPlugin
2025-06-14 20:00:46,118 [INFO] PluginManager:220 - loadIPPluginJar : add ltdc
2025-06-14 20:00:46,121 [INFO] IPUIPlugin:80 - create IPUIPlugin
2025-06-14 20:00:46,121 [INFO] PluginManager:220 - loadIPPluginJar : add mdma
2025-06-14 20:00:46,124 [INFO] IPUIPlugin:80 - create IPUIPlugin
2025-06-14 20:00:46,124 [INFO] PluginManager:220 - loadIPPluginJar : add nvic
2025-06-14 20:00:46,126 [INFO] IPUIPlugin:80 - create IPUIPlugin
2025-06-14 20:00:46,126 [INFO] PluginManager:220 - loadIPPluginJar : add opamp
2025-06-14 20:00:46,128 [INFO] IPUIPlugin:80 - create IPUIPlugin
2025-06-14 20:00:46,128 [INFO] PluginManager:220 - loadIPPluginJar : add openamp
2025-06-14 20:00:46,130 [INFO] IPUIPlugin:80 - create IPUIPlugin
2025-06-14 20:00:46,130 [INFO] PluginManager:220 - loadIPPluginJar : add pdm2pcm
2025-06-14 20:00:46,134 [INFO] IPUIPlugin:80 - create IPUIPlugin
2025-06-14 20:00:46,136 [INFO] PluginManager:220 - loadIPPluginJar : add plateformsettings
2025-06-14 20:00:46,137 [INFO] IPUIPlugin:80 - create IPUIPlugin
2025-06-14 20:00:46,137 [INFO] PluginManager:220 - loadIPPluginJar : add quadspi
2025-06-14 20:00:46,138 [INFO] IPUIPlugin:80 - create IPUIPlugin
2025-06-14 20:00:46,138 [INFO] PluginManager:220 - loadIPPluginJar : add radio
2025-06-14 20:00:46,140 [INFO] IPUIPlugin:80 - create IPUIPlugin
2025-06-14 20:00:46,140 [INFO] PluginManager:220 - loadIPPluginJar : add resmgrutility
2025-06-14 20:00:46,142 [INFO] IPUIPlugin:80 - create IPUIPlugin
2025-06-14 20:00:46,142 [INFO] PluginManager:220 - loadIPPluginJar : add sai
2025-06-14 20:00:46,143 [INFO] IPUIPlugin:80 - create IPUIPlugin
2025-06-14 20:00:46,143 [INFO] PluginManager:220 - loadIPPluginJar : add spi
2025-06-14 20:00:46,147 [INFO] IPUIPlugin:80 - create IPUIPlugin
2025-06-14 20:00:46,147 [INFO] PluginManager:220 - loadIPPluginJar : add stm32_wpan
2025-06-14 20:00:46,149 [INFO] IPUIPlugin:80 - create IPUIPlugin
2025-06-14 20:00:46,149 [INFO] PluginManager:220 - loadIPPluginJar : add tim
2025-06-14 20:00:46,151 [INFO] IPUIPlugin:80 - create IPUIPlugin
2025-06-14 20:00:46,151 [INFO] PluginManager:220 - loadIPPluginJar : add touchsensing
2025-06-14 20:00:46,152 [INFO] IPUIPlugin:80 - create IPUIPlugin
2025-06-14 20:00:46,152 [INFO] PluginManager:220 - loadIPPluginJar : add tracer_emb
2025-06-14 20:00:46,153 [INFO] IPUIPlugin:80 - create IPUIPlugin
2025-06-14 20:00:46,153 [INFO] PluginManager:220 - loadIPPluginJar : add ts
2025-06-14 20:00:46,154 [INFO] IPUIPlugin:80 - create IPUIPlugin
2025-06-14 20:00:46,154 [INFO] PluginManager:220 - loadIPPluginJar : add tsc
2025-06-14 20:00:46,155 [INFO] IPUIPlugin:80 - create IPUIPlugin
2025-06-14 20:00:46,155 [INFO] PluginManager:220 - loadIPPluginJar : add ucpd
2025-06-14 20:00:46,156 [INFO] IPUIPlugin:80 - create IPUIPlugin
2025-06-14 20:00:46,156 [INFO] PluginManager:220 - loadIPPluginJar : add usart
2025-06-14 20:00:46,158 [INFO] IPUIPlugin:80 - create IPUIPlugin
2025-06-14 20:00:46,158 [INFO] PluginManager:220 - loadIPPluginJar : add usbx
2025-06-14 20:00:46,263 [FATAL] Updater:351 - Updater called before beeing initialized
2025-06-14 20:00:46,282 [INFO] RulesReader:64 - Compatibility file has been processed (302 Rules)
2025-06-14 20:00:46,290 [INFO] RulesReader:64 - Compatibility file has been processed (302 Rules)
2025-06-14 20:00:46,296 [INFO] CADModel:165 - CPN selected for project level
2025-06-14 20:00:46,296 [INFO] CADModel:114 - Register for checkConnection events
2025-06-14 20:00:46,296 [FATAL] Updater:351 - Updater called before beeing initialized
2025-06-14 20:00:46,297 [ERROR] CADModel:125 - Updater not yet initialized, retry later 
2025-06-14 20:00:46,398 [FATAL] Updater:351 - Updater called before beeing initialized
2025-06-14 20:00:46,399 [INFO] CADModel:165 - CPN selected for project level
2025-06-14 20:00:46,399 [INFO] CADModel:114 - Register for checkConnection events
2025-06-14 20:00:46,399 [FATAL] Updater:351 - Updater called before beeing initialized
2025-06-14 20:00:46,399 [ERROR] CADModel:125 - Updater not yet initialized, retry later 
2025-06-14 20:00:46,401 [FATAL] Updater:351 - Updater called before beeing initialized
2025-06-14 20:00:46,505 [FATAL] Updater:351 - Updater called before beeing initialized
2025-06-14 20:00:46,508 [INFO] DbMcusAds:53 - JSON generation date=Wed May 07 06:07:55 ART 2025 (1746608875484)
2025-06-14 20:00:46,508 [FATAL] Updater:351 - Updater called before beeing initialized
2025-06-14 20:00:46,533 [WARN] DetailPanel:346 - Failed to get advertising image, set to default
2025-06-14 20:00:46,736 [FATAL] Updater:351 - Updater called before beeing initialized
2025-06-14 20:00:46,737 [FATAL] Updater:351 - Updater called before beeing initialized
2025-06-14 20:00:46,737 [FATAL] Updater:351 - Updater called before beeing initialized
2025-06-14 20:00:46,737 [WARN] DetailPanel:346 - Failed to get advertising image, set to default
2025-06-14 20:00:46,738 [FATAL] Updater:351 - Updater called before beeing initialized
2025-06-14 20:00:46,769 [ERROR] Updater:1198 - MainUpdater not yet initialized. External WinMGr cannot be set.
2025-06-14 20:00:46,770 [INFO] Updater:1134 - Updater Version found : 6.14.1
2025-06-14 20:00:46,780 [INFO] ApplicationProperties:184 - Using Application install path: C:\ST\STM32CubeIDE_1.18.1\STM32CubeIDE\plugins\com.st.stm32cube.common.mx_6.14.1.202504091515
2025-06-14 20:00:48,372 [ERROR] LogOutputStream:75 - [STDERR_REDIRECT] Jun 14, 2025 8:00:48 PM java.util.prefs.WindowsPreferences <init>
2025-06-14 20:00:48,373 [ERROR] LogOutputStream:75 - [STDERR_REDIRECT] WARNING: Could not open/create prefs root node Software\JavaSoft\Prefs at root 0xffffffff80000002. Windows RegCreateKeyEx(...) returned error code 5.
2025-06-14 20:00:48,374 [ERROR] LogOutputStream:75 - [STDERR_REDIRECT] 
2025-06-14 20:00:48,616 [INFO] MainUpdater:2872 - connection check result : 10
2025-06-14 20:00:48,616 [INFO] MainUpdater:289 - Updater Check For Update Now.
2025-06-14 20:00:48,617 [INFO] MicroXplorer:498 - Change Database Version : DB.6.0.141
2025-06-14 20:00:48,622 [INFO] McuFinderGlobals:63 - Set McuFinder mode to 2 (CubeIDE integrated)
2025-06-14 20:00:48,623 [INFO] UserAuth:484 - Internet connection configuration mode: 1
2025-06-14 20:00:48,633 [WARN] MainUpdater:1193 - Updater busy. Cannot search thirdparties
2025-06-14 20:00:48,633 [INFO] ThirdPartyUpdaterWithRetryManager:96 - Updater plugin is busy. [1/15]
2025-06-14 20:00:48,639 [INFO] JxBrowserEngine:152 - Initiate JxBrowser Engine with user profile folder
2025-06-14 20:00:48,789 [INFO] CheckServerUpdateThread:120 - End of CheckServer Thread
2025-06-14 20:00:49,111 [INFO] WebApp:169 - Instantiating new browser for Auth
2025-06-14 20:00:51,876 [WARN] PackLoader:240 - Cannot read IP mode file for STMicroelectronics.FP-SNS-MOTENVWB1.1.4.0
2025-06-14 20:00:51,908 [WARN] PackLoader:240 - Cannot read IP mode file for STMicroelectronics.FP-ATR-ASTRA1.2.0.2
2025-06-14 20:00:52,005 [WARN] PackLoader:240 - Cannot read IP mode file for STMicroelectronics.X-CUBE-SMBUS.2.1.0
2025-06-14 20:00:52,008 [WARN] PackLoader:240 - Cannot read IP mode file for STMicroelectronics.X-CUBE-ST60.1.0.0
2025-06-14 20:00:52,034 [WARN] PackLoader:240 - Cannot read IP mode file for STMicroelectronics.X-CUBE-AZRTOS-F7.1.1.0
2025-06-14 20:00:52,055 [WARN] PackLoader:240 - Cannot read IP mode file for Infineon.AIROC-Wi-Fi-Bluetooth-STM32.1.7.0
2025-06-14 20:00:52,068 [WARN] PackLoader:240 - Cannot read IP mode file for STMicroelectronics.X-CUBE-DISPLAY.3.0.0
2025-06-14 20:00:52,079 [WARN] PackLoader:240 - Cannot read IP mode file for STMicroelectronics.X-CUBE-NFC10.1.0.0
2025-06-14 20:00:52,134 [WARN] PackLoader:240 - Cannot read IP mode file for STMicroelectronics.X-CUBE-BLEMGR.4.0.0
2025-06-14 20:00:52,140 [WARN] PackLoader:240 - Cannot read IP mode file for emotas.I-CUBE-CANOPEN.1.3.0
2025-06-14 20:00:52,144 [WARN] ConditionMgr:438 - getConditionDescription Invalid condition id : Cortex-A Device cause : null
2025-06-14 20:00:52,168 [WARN] ConditionMgr:1044 - genDependencies : Invalid condition id : Cortex-A Device cause : null
2025-06-14 20:00:52,168 [WARN] ConditionMgr:1044 - genDependencies : Invalid condition id : Cortex-A Device cause : null
2025-06-14 20:00:52,168 [WARN] ConditionMgr:1044 - genDependencies : Invalid condition id : Cortex-A Device cause : null
2025-06-14 20:00:52,173 [WARN] PackLoader:240 - Cannot read IP mode file for STMicroelectronics.FP-SNS-SMARTAG2.1.2.0
2025-06-14 20:00:52,177 [WARN] PackLoader:240 - Cannot read IP mode file for STMicroelectronics.FP-SNS-FLIGHT1.5.1.0
2025-06-14 20:00:52,184 [INFO] LogOutputStream:77 - [STDOUT_REDIRECT] 1 : Invalid condition id : UX_CORESTACK_Condition cause : null
2025-06-14 20:00:52,184 [INFO] LogOutputStream:77 - [STDOUT_REDIRECT] 1 : Invalid condition id : UX_CORESTACK_Condition cause : null
2025-06-14 20:00:52,185 [INFO] LogOutputStream:77 - [STDOUT_REDIRECT] 1 : Invalid condition id : UX_CORESTACK_Condition cause : null
2025-06-14 20:00:52,186 [INFO] LogOutputStream:77 - [STDOUT_REDIRECT] 1 : Invalid condition id : UX_CORESTACK_Condition cause : null
2025-06-14 20:00:52,187 [INFO] LogOutputStream:77 - [STDOUT_REDIRECT] 1 : Invalid condition id : UX_CORESTACK_Condition cause : null
2025-06-14 20:00:52,189 [WARN] PackLoader:240 - Cannot read IP mode file for STMicroelectronics.X-CUBE-AZRTOS-WL.2.0.0
2025-06-14 20:00:52,193 [WARN] PackLoader:240 - Cannot read IP mode file for STMicroelectronics.FP-SNS-MOTENV1.5.0.0
2025-06-14 20:00:52,199 [WARN] PackLoader:240 - Cannot read IP mode file for WES.I-CUBE-Cesium.1.3.0
2025-06-14 20:00:52,249 [WARN] PackLoader:240 - Cannot read IP mode file for STMicroelectronics.X-CUBE-BLE2.3.3.0
2025-06-14 20:00:52,253 [WARN] PackLoader:240 - Cannot read IP mode file for STMicroelectronics.X-CUBE-NFC9.1.0.0
2025-06-14 20:00:52,257 [WARN] PackLoader:240 - Cannot read IP mode file for wolfSSL.I-CUBE-wolfSSL.5.8.0
2025-06-14 20:00:52,260 [WARN] PackLoader:240 - Cannot read IP mode file for STMicroelectronics.X-CUBE-BLE1.7.1.0
2025-06-14 20:00:52,263 [WARN] PackLoader:240 - Cannot read IP mode file for wolfSSL.I-CUBE-wolfMQTT.1.19.2
2025-06-14 20:00:52,265 [WARN] PackLoader:240 - Cannot read IP mode file for STMicroelectronics.X-CUBE-AI.10.1.0
2025-06-14 20:00:52,298 [WARN] PackLoader:240 - Cannot read IP mode file for STMicroelectronics.X-CUBE-MEMS1.11.2.0
2025-06-14 20:00:52,448 [WARN] PackLoader:240 - Cannot read IP mode file for STMicroelectronics.X-CUBE-AZRTOS-G0.1.1.0
2025-06-14 20:00:52,537 [WARN] PackLoader:240 - Cannot read IP mode file for STMicroelectronics.X-CUBE-SAFEA1.1.2.2
2025-06-14 20:00:52,544 [WARN] PackLoader:240 - Cannot read IP mode file for STMicroelectronics.X-CUBE-NFC4.3.0.0
2025-06-14 20:00:52,561 [WARN] PackLoader:240 - Cannot read IP mode file for EmbeddedOffice.I-CUBE-FS-RTOS.1.0.1
2025-06-14 20:00:52,568 [WARN] PackLoader:240 - Cannot read IP mode file for STMicroelectronics.X-CUBE-WB05N.2.0.0
2025-06-14 20:00:52,572 [WARN] PackLoader:240 - Cannot read IP mode file for wolfSSL.I-CUBE-wolfTPM.3.8.0
2025-06-14 20:00:52,579 [WARN] PackLoader:240 - Cannot read IP mode file for STMicroelectronics.X-CUBE-TCPP.4.2.0
2025-06-14 20:00:52,616 [INFO] WebApp:463 - Apply proxy settings
2025-06-14 20:00:52,617 [INFO] WebApp:548 - Chromium requires no authentication
2025-06-14 20:00:52,623 [WARN] PackLoader:240 - Cannot read IP mode file for RealThread.X-CUBE-RT-Thread_Nano.4.1.1
2025-06-14 20:00:52,628 [WARN] PackLoader:240 - Cannot read IP mode file for STMicroelectronics.FP-ATR-SIGFOX1.3.2.0
2025-06-14 20:00:52,633 [INFO] WebApp:491 - Direct internet connection detected
2025-06-14 20:00:52,635 [WARN] PackLoader:240 - Cannot read IP mode file for STMicroelectronics.X-CUBE-EEPRMA1.5.1.0
2025-06-14 20:00:52,645 [WARN] PackLoader:240 - Cannot read IP mode file for ITTIA_DB.I-CUBE-ITTIADB.8.9.0
2025-06-14 20:00:52,684 [WARN] PackLoader:240 - Cannot read IP mode file for SEGGER.I-CUBE-embOS.1.3.1
2025-06-14 20:00:52,687 [INFO] WebApp:894 - Register for checkConnection events
2025-06-14 20:00:52,688 [INFO] WebApp:463 - Apply proxy settings
2025-06-14 20:00:52,688 [INFO] WebApp:548 - Chromium requires no authentication
2025-06-14 20:00:52,689 [INFO] WebApp:491 - Direct internet connection detected
2025-06-14 20:00:52,712 [WARN] PackLoader:240 - Cannot read IP mode file for STMicroelectronics.X-CUBE-ALGOBUILD.1.4.0
2025-06-14 20:00:52,767 [WARN] PackLoader:240 - Cannot read IP mode file for STMicroelectronics.X-CUBE-MEMS1.11.3.0
2025-06-14 20:00:52,838 [INFO] WebApp:225 - Starting web application
2025-06-14 20:00:52,839 [INFO] WebApp:593 - Web application path used C:\ST\STM32CubeIDE_1.18.1\STM32CubeIDE\plugins\com.st.stm32cube.common.mx_6.14.1.202504091515\db\plugins\mcufinder\reactClient1\index.html
2025-06-14 20:00:52,863 [WARN] PackLoader:240 - Cannot read IP mode file for STMicroelectronics.X-CUBE-AZRTOS-F4.1.1.0
2025-06-14 20:00:52,867 [WARN] PackLoader:240 - Cannot read IP mode file for Avnet-IotConnect.X-CUBE-IoTC-DA16k-PMOD.1.0.0
2025-06-14 20:00:52,869 [WARN] PackLoader:240 - Cannot read IP mode file for STMicroelectronics.X-CUBE-ISPU.2.1.0
2025-06-14 20:00:52,888 [WARN] PackLoader:240 - Cannot read IP mode file for STMicroelectronics.X-CUBE-AZRTOS-L5.2.0.0
2025-06-14 20:00:52,895 [WARN] PackLoader:240 - Cannot read IP mode file for STMicroelectronics.X-CUBE-NFC6.3.1.0
2025-06-14 20:00:52,900 [WARN] PackLoader:240 - Cannot read IP mode file for STMicroelectronics.X-CUBE-FREERTOS.1.3.1
2025-06-14 20:00:52,905 [WARN] PackLoader:240 - Cannot read IP mode file for STMicroelectronics.X-CUBE-DPower.1.3.0
2025-06-14 20:00:52,915 [WARN] ConditionMgr:438 - getConditionDescription Invalid condition id : LAN8742 Phy interface Condition cause : null
2025-06-14 20:00:52,915 [WARN] PackLoader:240 - Cannot read IP mode file for STMicroelectronics.X-CUBE-AZRTOS-L4.2.0.0
2025-06-14 20:00:52,916 [WARN] ConditionMgr:1044 - genDependencies : Invalid condition id : LAN8742 Phy interface Condition cause : null
2025-06-14 20:00:52,916 [WARN] ConditionMgr:1044 - genDependencies : Invalid condition id : LAN8742 Phy interface Condition cause : null
2025-06-14 20:00:52,916 [WARN] ConditionMgr:1044 - genDependencies : Invalid condition id : LAN8742 Phy interface Condition cause : null
2025-06-14 20:00:52,920 [WARN] PackLoader:240 - Cannot read IP mode file for STMicroelectronics.X-CUBE-SFXS2LP1.4.0.0
2025-06-14 20:00:52,932 [WARN] PackLoader:240 - Cannot read IP mode file for STMicroelectronics.X-CUBE-AZRTOS-H7.3.3.0
2025-06-14 20:00:52,941 [WARN] ConditionMgr:438 - getConditionDescription Invalid condition id : UX DEVICE CLASS RTOS Condition cause : null
2025-06-14 20:00:52,941 [WARN] ConditionMgr:438 - getConditionDescription Invalid condition id : UX DEVICE CLASS RTOS Condition cause : null
2025-06-14 20:00:52,943 [WARN] PackLoader:240 - Cannot read IP mode file for STMicroelectronics.X-CUBE-AZRTOS-WB.2.0.0
2025-06-14 20:00:52,943 [WARN] ConditionMgr:1044 - genDependencies : Invalid condition id : UX DEVICE CLASS RTOS Condition cause : null
2025-06-14 20:00:52,943 [WARN] ConditionMgr:1044 - genDependencies : Invalid condition id : UX DEVICE CLASS RTOS Condition cause : null
2025-06-14 20:00:52,943 [WARN] ConditionMgr:1044 - genDependencies : Invalid condition id : UX DEVICE CLASS RTOS Condition cause : null
2025-06-14 20:00:52,943 [WARN] ConditionMgr:1044 - genDependencies : Invalid condition id : UX DEVICE CLASS RTOS Condition cause : null
2025-06-14 20:00:52,943 [WARN] ConditionMgr:1044 - genDependencies : Invalid condition id : UX DEVICE CLASS RTOS Condition cause : null
2025-06-14 20:00:53,007 [WARN] PackLoader:240 - Cannot read IP mode file for STMicroelectronics.X-CUBE-GNSS1.7.0.1
2025-06-14 20:00:53,010 [WARN] PackLoader:240 - Cannot read IP mode file for STMicroelectronics.X-CUBE-TOUCHGFX.4.25.0
2025-06-14 20:00:53,014 [WARN] PackLoader:240 - Cannot read IP mode file for STMicroelectronics.FP-SNS-STBOX1.2.0.0
2025-06-14 20:00:53,041 [WARN] PackLoader:240 - Cannot read IP mode file for STMicroelectronics.X-CUBE-SUBG2.5.0.0
2025-06-14 20:00:53,311 [WARN] PackLoader:240 - Cannot read IP mode file for STMicroelectronics.X-CUBE-AZRTOS-H7RS.1.1.0
2025-06-14 20:00:53,855 [WARN] PackLoader:240 - Cannot read IP mode file for Cesanta.I-CUBE-Mongoose.7.13.0
2025-06-14 20:00:53,864 [WARN] PackLoader:240 - Cannot read IP mode file for STMicroelectronics.X-CUBE-AZRTOS-G4.2.0.0
2025-06-14 20:00:53,957 [WARN] PackLoader:240 - Cannot read IP mode file for wolfSSL.I-CUBE-wolfSSH.1.4.20
2025-06-14 20:00:53,959 [WARN] PackLoader:240 - Cannot read IP mode file for STMicroelectronics.X-CUBE-NFC7.2.0.0
2025-06-14 20:00:53,964 [WARN] PackLoader:240 - Cannot read IP mode file for STMicroelectronics.X-CUBE-IPS.3.1.0
2025-06-14 20:00:53,969 [WARN] PackLoader:240 - Cannot read IP mode file for STMicroelectronics.X-CUBE-ALS.1.0.2
2025-06-14 20:00:53,973 [WARN] PackLoader:240 - Cannot read IP mode file for portGmbH.I-Cube-SoM-uGOAL.1.1.0
2025-06-14 20:00:53,978 [WARN] PackLoader:240 - Cannot read IP mode file for STMicroelectronics.X-CUBE-TOF1.3.4.3
2025-06-14 20:00:53,984 [INFO] ThirdParty:978 - Integrity check success = true
2025-06-14 20:00:53,984 [INFO] IntegrityCheckThread:100 - exiting critical section [integrity check]
2025-06-14 20:00:53,984 [INFO] IntegrityCheckThread:103 - End integrity checks thread
2025-06-14 20:00:54,948 [INFO] UserAuth:484 - Internet connection configuration mode: 1
2025-06-14 20:00:59,693 [INFO] WebApp:191 - Connection restablished
2025-06-14 20:08:43,048 [ERROR] LogOutputStream:75 - [STDERR_REDIRECT] 
2025-06-14 23:11:16,210 [INFO] Activator:176 - 


2025-06-14 23:11:16,210 [INFO] Activator:177 - !SESSION log4j initialized
2025-06-14 23:11:20,923 [INFO] LogOutputStream:77 - [STDOUT_REDIRECT] 
2025-06-14 23:11:26,685 [INFO] ApplicationProperties:184 - Using Application install path: C:\ST\STM32CubeIDE_1.18.1\STM32CubeIDE\plugins\com.st.stm32cube.common.mx_6.14.1.202504091515
2025-06-14 23:11:26,698 [INFO] DbMcusXml:78 - Set database path to: C:\ST\STM32CubeIDE_1.18.1\STM32CubeIDE\plugins\com.st.stm32cube.common.mx_6.14.1.202504091515\\db\/mcu/
2025-06-14 23:11:26,698 [INFO] ApiDb:274 - Set plugin database path to: C:\ST\STM32CubeIDE_1.18.1\STM32CubeIDE\plugins\com.st.stm32cube.common.mx_6.14.1.202504091515\\db\/plugins/boardmanager/
2025-06-14 23:11:26,698 [WARN] ApiDb:259 - Overriding images path with different value:  => C:\ST\STM32CubeIDE_1.18.1\STM32CubeIDE\plugins\com.st.stm32cube.common.mx_6.14.1.202504091515\\db\/plugins/mcufinder/images/
2025-06-14 23:11:26,702 [INFO] ApiDb:250 - Set database path to: C:\Users\sebas\.stmcufinder\plugins\mcufinder//mcu/
2025-06-14 23:11:26,703 [INFO] DbMcusAds:125 - Set database path to: C:\Users\sebas\.stmcufinder\plugins\mcufinder//mcu/
2025-06-14 23:11:26,705 [INFO] CrossReferenceDbSqlite:203 - Set database path to: C:\Users\sebas\.stmcufinder\plugins\mcufinder//mcu/cs/
2025-06-14 23:11:26,804 [INFO] RulesReader:64 - Compatibility file has been processed (302 Rules)
2025-06-14 23:11:26,889 [INFO] DbMcusXml:78 - Set database path to: C:\ST\STM32CubeIDE_1.18.1\STM32CubeIDE\plugins\com.st.stm32cube.common.mx_6.14.1.202504091515\\db\/mcu/
2025-06-14 23:11:26,889 [INFO] ApiDb:274 - Set plugin database path to: C:\ST\STM32CubeIDE_1.18.1\STM32CubeIDE\plugins\com.st.stm32cube.common.mx_6.14.1.202504091515\\db\/plugins/boardmanager/
2025-06-14 23:11:26,889 [INFO] ApiDb:261 - Set plugin images path to: C:\ST\STM32CubeIDE_1.18.1\STM32CubeIDE\plugins\com.st.stm32cube.common.mx_6.14.1.202504091515\\db\/plugins/mcufinder/images/
2025-06-14 23:11:26,889 [WARN] DbFile:41 - Overriding database path with different value: C:\Users\sebas\.stmcufinder\plugins\mcufinder/ => C:\Users\sebas\.stmcufinder\plugins\mcufinder
2025-06-14 23:11:26,890 [INFO] ApiDb:250 - Set database path to: C:\Users\sebas\.stmcufinder\plugins\mcufinder//mcu/
2025-06-14 23:11:26,890 [WARN] DbFile:41 - Overriding database path with different value: C:\Users\sebas\.stmcufinder\plugins\mcufinder/ => C:\Users\sebas\.stmcufinder\plugins\mcufinder
2025-06-14 23:11:26,890 [INFO] DbMcusAds:125 - Set database path to: C:\Users\sebas\.stmcufinder\plugins\mcufinder//mcu/
2025-06-14 23:11:26,890 [WARN] DbFile:41 - Overriding database path with different value: C:\Users\sebas\.stmcufinder\plugins\mcufinder/ => C:\Users\sebas\.stmcufinder\plugins\mcufinder
2025-06-14 23:11:26,890 [WARN] DbFile:41 - Overriding database path with different value: C:\Users\sebas\.stmcufinder\plugins\mcufinder/ => C:\Users\sebas\.stmcufinder\plugins\mcufinder
2025-06-14 23:11:26,890 [INFO] CrossReferenceDbSqlite:203 - Set database path to: C:\Users\sebas\.stmcufinder\plugins\mcufinder//mcu/cs/
2025-06-14 23:11:26,962 [INFO] MainPanel:272 - HeapMemory: 268435456
2025-06-14 23:11:27,035 [INFO] DbMcusXml:78 - Set database path to: C:\ST\STM32CubeIDE_1.18.1\STM32CubeIDE\plugins\com.st.stm32cube.common.mx_6.14.1.202504091515\\db\/mcu/
2025-06-14 23:11:27,035 [INFO] ApiDb:274 - Set plugin database path to: C:\ST\STM32CubeIDE_1.18.1\STM32CubeIDE\plugins\com.st.stm32cube.common.mx_6.14.1.202504091515\\db\/plugins/boardmanager/
2025-06-14 23:11:27,035 [INFO] ApiDb:261 - Set plugin images path to: C:\ST\STM32CubeIDE_1.18.1\STM32CubeIDE\plugins\com.st.stm32cube.common.mx_6.14.1.202504091515\\db\/plugins/mcufinder/images/
2025-06-14 23:11:27,035 [WARN] DbFile:41 - Overriding database path with different value: C:\Users\sebas\.stmcufinder\plugins\mcufinder/ => C:\Users\sebas\.stmcufinder\plugins\mcufinder
2025-06-14 23:11:27,035 [INFO] ApiDb:250 - Set database path to: C:\Users\sebas\.stmcufinder\plugins\mcufinder//mcu/
2025-06-14 23:11:27,035 [WARN] DbFile:41 - Overriding database path with different value: C:\Users\sebas\.stmcufinder\plugins\mcufinder/ => C:\Users\sebas\.stmcufinder\plugins\mcufinder
2025-06-14 23:11:27,036 [INFO] DbMcusAds:125 - Set database path to: C:\Users\sebas\.stmcufinder\plugins\mcufinder//mcu/
2025-06-14 23:11:27,036 [WARN] DbFile:41 - Overriding database path with different value: C:\Users\sebas\.stmcufinder\plugins\mcufinder/ => C:\Users\sebas\.stmcufinder\plugins\mcufinder
2025-06-14 23:11:27,036 [WARN] DbFile:41 - Overriding database path with different value: C:\Users\sebas\.stmcufinder\plugins\mcufinder/ => C:\Users\sebas\.stmcufinder\plugins\mcufinder
2025-06-14 23:11:27,036 [INFO] CrossReferenceDbSqlite:203 - Set database path to: C:\Users\sebas\.stmcufinder\plugins\mcufinder//mcu/cs/
2025-06-14 23:11:27,051 [INFO] ApplicationProperties:184 - Using Application install path: C:\ST\STM32CubeIDE_1.18.1\STM32CubeIDE\plugins\com.st.stm32cube.common.mx_6.14.1.202504091515
2025-06-14 23:11:27,053 [INFO] PluginManage:196 - Search for loadable plugins [exclusion list=, ]
2025-06-14 23:11:27,054 [INFO] PluginManage:310 - Check plugin analytics
2025-06-14 23:11:31,724 [INFO] AnalyticsPlugin:253 - Accepted Software Licenses: 
2025-06-14 23:11:31,725 [INFO] AnalyticsPlugin:255 - Accepted CMSIS Pack Licenses: 
2025-06-14 23:11:31,725 [INFO] AnalyticsPlugin:257 - Accepted Firmware Licenses: FW.F4.1.28.0
2025-06-14 23:11:31,726 [INFO] PluginManage:359 - Loaded plugin analytics (category:tool,tabindex:-1)
2025-06-14 23:11:31,726 [INFO] PluginManage:310 - Check plugin cadmodel
2025-06-14 23:11:31,729 [INFO] CADModel:105 - Init CAD model plugin
2025-06-14 23:11:31,729 [INFO] PluginManage:359 - Loaded plugin cadmodel (category:power,tabindex:5)
2025-06-14 23:11:31,729 [INFO] PluginManage:310 - Check plugin clock
2025-06-14 23:11:31,735 [INFO] PluginManage:359 - Loaded plugin clock (category:base,tabindex:2)
2025-06-14 23:11:31,735 [INFO] PluginManage:310 - Check plugin ddr
2025-06-14 23:11:31,737 [INFO] PluginManage:359 - Loaded plugin ddr (category:tool,tabindex:6)
2025-06-14 23:11:31,737 [INFO] PluginManage:310 - Check plugin filemanager
2025-06-14 23:11:31,827 [INFO] PluginManage:359 - Loaded plugin filemanager (category:base,tabindex:10)
2025-06-14 23:11:31,827 [INFO] PluginManage:310 - Check plugin ipmanager
2025-06-14 23:11:31,832 [INFO] PluginManage:359 - Loaded plugin ipmanager (category:base,tabindex:5)
2025-06-14 23:11:31,832 [INFO] PluginManage:310 - Check plugin lpbam
2025-06-14 23:11:31,837 [INFO] PluginManage:359 - Loaded plugin lpbam (category:base,tabindex:0)
2025-06-14 23:11:31,837 [INFO] PluginManage:310 - Check plugin memorymap
2025-06-14 23:11:31,844 [INFO] PluginManage:359 - Loaded plugin memorymap (category:base,tabindex:4)
2025-06-14 23:11:31,844 [INFO] PluginManage:310 - Check plugin pinoutandconfiguration
2025-06-14 23:11:31,848 [INFO] PluginManage:359 - Loaded plugin pinoutandconfiguration (category:base,tabindex:1)
2025-06-14 23:11:31,849 [INFO] PluginManage:310 - Check plugin pinoutconfig
2025-06-14 23:11:31,910 [WARN] SupportedApi:132 - Cannot load RTOS API schema: s4s-elt-must-match.1: The content of 'definitions' must match (annotation?, (simpleType | complexType)?, (unique | key | keyref)*)). A problem was found starting at: attribute.
2025-06-14 23:11:32,001 [INFO] PluginManage:359 - Loaded plugin pinoutconfig (category:base,tabindex:0)
2025-06-14 23:11:32,001 [INFO] PluginManage:310 - Check plugin power
2025-06-14 23:11:32,006 [INFO] PluginManage:359 - Loaded plugin power (category:power,tabindex:4)
2025-06-14 23:11:32,006 [INFO] PluginManage:310 - Check plugin projectmanager
2025-06-14 23:11:32,017 [INFO] PluginManage:359 - Loaded plugin projectmanager (category:projectmanager,tabindex:4)
2025-06-14 23:11:32,017 [INFO] PluginManage:310 - Check plugin rif
2025-06-14 23:11:32,020 [INFO] PluginManage:359 - Loaded plugin rif (category:base,tabindex:3)
2025-06-14 23:11:32,021 [INFO] PluginManage:310 - Check plugin thirdparty
2025-06-14 23:11:32,097 [INFO] PluginManage:359 - Loaded plugin thirdparty (category:base,tabindex:-1)
2025-06-14 23:11:32,097 [INFO] PluginManage:310 - Check plugin tools
2025-06-14 23:11:32,097 [WARN] IntegrityCheckThread:84 - waiting for thirdparty lock release [integrity check]
2025-06-14 23:11:32,097 [INFO] IntegrityCheckThread:86 - entering critical section [integrity check]
2025-06-14 23:11:32,097 [INFO] ThirdPartyUpdaterWithRetryManager:70 - Updater plugin not ready yet. [1/15]
2025-06-14 23:11:32,099 [INFO] PluginManage:359 - Loaded plugin tools (category:base,tabindex:7)
2025-06-14 23:11:32,099 [INFO] PluginManage:310 - Check plugin tutovideos
2025-06-14 23:11:32,197 [INFO] PluginManage:359 - Loaded plugin tutovideos (category:base,tabindex:-1)
2025-06-14 23:11:32,197 [INFO] PluginManage:310 - Check plugin updater
2025-06-14 23:11:32,212 [INFO] PluginManage:359 - Loaded plugin updater (category:base,tabindex:12)
2025-06-14 23:11:32,212 [INFO] PluginManage:310 - Check plugin userauth
2025-06-14 23:11:32,214 [INFO] UserAuth:118 - Init User Auth plugin
2025-06-14 23:11:32,215 [INFO] PluginManage:359 - Loaded plugin userauth (category:base,tabindex:14)
2025-06-14 23:11:32,215 [INFO] PluginManage:283 - PluginManage : Loaded plugins [18]
2025-06-14 23:11:32,347 [INFO] PinOutPanel:1589 - setPackage(No Configuration,No Configuration)
2025-06-14 23:11:32,400 [INFO] CADModel:165 - CPN selected for project level
2025-06-14 23:11:32,400 [INFO] CADModel:114 - Register for checkConnection events
2025-06-14 23:11:32,409 [INFO] IPUIPlugin:80 - create IPUIPlugin
2025-06-14 23:11:32,410 [INFO] PluginManager:220 - loadIPPluginJar : add adc
2025-06-14 23:11:32,411 [INFO] IPUIPlugin:80 - create IPUIPlugin
2025-06-14 23:11:32,411 [INFO] PluginManager:220 - loadIPPluginJar : add aes
2025-06-14 23:11:32,413 [INFO] IPUIPlugin:80 - create IPUIPlugin
2025-06-14 23:11:32,413 [INFO] PluginManager:220 - loadIPPluginJar : add can
2025-06-14 23:11:32,414 [INFO] IPUIPlugin:80 - create IPUIPlugin
2025-06-14 23:11:32,414 [INFO] PluginManager:220 - loadIPPluginJar : add comp
2025-06-14 23:11:32,415 [INFO] IPUIPlugin:80 - create IPUIPlugin
2025-06-14 23:11:32,415 [INFO] PluginManager:220 - loadIPPluginJar : add cryp
2025-06-14 23:11:32,416 [INFO] IPUIPlugin:80 - create IPUIPlugin
2025-06-14 23:11:32,417 [INFO] PluginManager:220 - loadIPPluginJar : add ddr_ctrl_phy
2025-06-14 23:11:32,418 [INFO] IPUIPlugin:80 - create IPUIPlugin
2025-06-14 23:11:32,418 [INFO] PluginManager:220 - loadIPPluginJar : add dfsdm
2025-06-14 23:11:32,421 [INFO] IPUIPlugin:80 - create IPUIPlugin
2025-06-14 23:11:32,421 [INFO] PluginManager:220 - loadIPPluginJar : add dma
2025-06-14 23:11:32,423 [INFO] IPUIPlugin:80 - create IPUIPlugin
2025-06-14 23:11:32,423 [INFO] PluginManager:220 - loadIPPluginJar : add dma3
2025-06-14 23:11:32,424 [INFO] IPUIPlugin:80 - create IPUIPlugin
2025-06-14 23:11:32,424 [INFO] PluginManager:220 - loadIPPluginJar : add extmemmanager
2025-06-14 23:11:32,425 [INFO] IPUIPlugin:80 - create IPUIPlugin
2025-06-14 23:11:32,425 [INFO] PluginManager:220 - loadIPPluginJar : add fatfs
2025-06-14 23:11:32,428 [INFO] IPUIPlugin:80 - create IPUIPlugin
2025-06-14 23:11:32,428 [INFO] PluginManager:220 - loadIPPluginJar : add fmc
2025-06-14 23:11:32,432 [INFO] IPUIPlugin:80 - create IPUIPlugin
2025-06-14 23:11:32,432 [INFO] PluginManager:220 - loadIPPluginJar : add freertos
2025-06-14 23:11:32,433 [INFO] IPUIPlugin:80 - create IPUIPlugin
2025-06-14 23:11:32,433 [INFO] PluginManager:220 - loadIPPluginJar : add genericplugin
2025-06-14 23:11:32,434 [INFO] IPUIPlugin:80 - create IPUIPlugin
2025-06-14 23:11:32,434 [INFO] PluginManager:220 - loadIPPluginJar : add gfxmmu
2025-06-14 23:11:32,437 [INFO] IPUIPlugin:80 - create IPUIPlugin
2025-06-14 23:11:32,437 [INFO] PluginManager:220 - loadIPPluginJar : add gic
2025-06-14 23:11:32,440 [INFO] IPUIPlugin:80 - create IPUIPlugin
2025-06-14 23:11:32,440 [INFO] PluginManager:220 - loadIPPluginJar : add gpio
2025-06-14 23:11:32,442 [INFO] IPUIPlugin:80 - create IPUIPlugin
2025-06-14 23:11:32,442 [INFO] PluginManager:220 - loadIPPluginJar : add gtzc
2025-06-14 23:11:32,444 [INFO] IPUIPlugin:80 - create IPUIPlugin
2025-06-14 23:11:32,444 [INFO] PluginManager:220 - loadIPPluginJar : add hash
2025-06-14 23:11:32,446 [INFO] IPUIPlugin:80 - create IPUIPlugin
2025-06-14 23:11:32,446 [INFO] PluginManager:220 - loadIPPluginJar : add i2c
2025-06-14 23:11:32,447 [INFO] IPUIPlugin:80 - create IPUIPlugin
2025-06-14 23:11:32,447 [INFO] PluginManager:220 - loadIPPluginJar : add i2s
2025-06-14 23:11:32,449 [INFO] IPUIPlugin:80 - create IPUIPlugin
2025-06-14 23:11:32,450 [INFO] PluginManager:220 - loadIPPluginJar : add i3c
2025-06-14 23:11:32,452 [INFO] IPUIPlugin:80 - create IPUIPlugin
2025-06-14 23:11:32,452 [INFO] PluginManager:220 - loadIPPluginJar : add ipddr
2025-06-14 23:11:32,456 [INFO] IPUIPlugin:80 - create IPUIPlugin
2025-06-14 23:11:32,456 [INFO] PluginManager:220 - loadIPPluginJar : add linkedlist
2025-06-14 23:11:32,458 [INFO] IPUIPlugin:80 - create IPUIPlugin
2025-06-14 23:11:32,458 [INFO] PluginManager:220 - loadIPPluginJar : add lorawan
2025-06-14 23:11:32,459 [INFO] IPUIPlugin:80 - create IPUIPlugin
2025-06-14 23:11:32,459 [INFO] PluginManager:220 - loadIPPluginJar : add ltdc
2025-06-14 23:11:32,462 [INFO] IPUIPlugin:80 - create IPUIPlugin
2025-06-14 23:11:32,462 [INFO] PluginManager:220 - loadIPPluginJar : add mdma
2025-06-14 23:11:32,465 [INFO] IPUIPlugin:80 - create IPUIPlugin
2025-06-14 23:11:32,465 [INFO] PluginManager:220 - loadIPPluginJar : add nvic
2025-06-14 23:11:32,467 [INFO] IPUIPlugin:80 - create IPUIPlugin
2025-06-14 23:11:32,468 [INFO] PluginManager:220 - loadIPPluginJar : add opamp
2025-06-14 23:11:32,469 [INFO] IPUIPlugin:80 - create IPUIPlugin
2025-06-14 23:11:32,469 [INFO] PluginManager:220 - loadIPPluginJar : add openamp
2025-06-14 23:11:32,471 [INFO] IPUIPlugin:80 - create IPUIPlugin
2025-06-14 23:11:32,472 [INFO] PluginManager:220 - loadIPPluginJar : add pdm2pcm
2025-06-14 23:11:32,476 [INFO] IPUIPlugin:80 - create IPUIPlugin
2025-06-14 23:11:32,478 [INFO] PluginManager:220 - loadIPPluginJar : add plateformsettings
2025-06-14 23:11:32,480 [INFO] IPUIPlugin:80 - create IPUIPlugin
2025-06-14 23:11:32,481 [INFO] PluginManager:220 - loadIPPluginJar : add quadspi
2025-06-14 23:11:32,484 [INFO] IPUIPlugin:80 - create IPUIPlugin
2025-06-14 23:11:32,485 [INFO] PluginManager:220 - loadIPPluginJar : add radio
2025-06-14 23:11:32,487 [INFO] IPUIPlugin:80 - create IPUIPlugin
2025-06-14 23:11:32,487 [INFO] PluginManager:220 - loadIPPluginJar : add resmgrutility
2025-06-14 23:11:32,491 [INFO] IPUIPlugin:80 - create IPUIPlugin
2025-06-14 23:11:32,491 [INFO] PluginManager:220 - loadIPPluginJar : add sai
2025-06-14 23:11:32,493 [INFO] IPUIPlugin:80 - create IPUIPlugin
2025-06-14 23:11:32,493 [INFO] PluginManager:220 - loadIPPluginJar : add spi
2025-06-14 23:11:32,497 [INFO] IPUIPlugin:80 - create IPUIPlugin
2025-06-14 23:11:32,497 [INFO] PluginManager:220 - loadIPPluginJar : add stm32_wpan
2025-06-14 23:11:32,499 [INFO] IPUIPlugin:80 - create IPUIPlugin
2025-06-14 23:11:32,499 [INFO] PluginManager:220 - loadIPPluginJar : add tim
2025-06-14 23:11:32,501 [INFO] IPUIPlugin:80 - create IPUIPlugin
2025-06-14 23:11:32,501 [INFO] PluginManager:220 - loadIPPluginJar : add touchsensing
2025-06-14 23:11:32,502 [INFO] IPUIPlugin:80 - create IPUIPlugin
2025-06-14 23:11:32,502 [INFO] PluginManager:220 - loadIPPluginJar : add tracer_emb
2025-06-14 23:11:32,504 [INFO] IPUIPlugin:80 - create IPUIPlugin
2025-06-14 23:11:32,504 [INFO] PluginManager:220 - loadIPPluginJar : add ts
2025-06-14 23:11:32,505 [INFO] IPUIPlugin:80 - create IPUIPlugin
2025-06-14 23:11:32,505 [INFO] PluginManager:220 - loadIPPluginJar : add tsc
2025-06-14 23:11:32,506 [INFO] IPUIPlugin:80 - create IPUIPlugin
2025-06-14 23:11:32,506 [INFO] PluginManager:220 - loadIPPluginJar : add ucpd
2025-06-14 23:11:32,507 [INFO] IPUIPlugin:80 - create IPUIPlugin
2025-06-14 23:11:32,508 [INFO] PluginManager:220 - loadIPPluginJar : add usart
2025-06-14 23:11:32,510 [INFO] IPUIPlugin:80 - create IPUIPlugin
2025-06-14 23:11:32,510 [INFO] PluginManager:220 - loadIPPluginJar : add usbx
2025-06-14 23:11:32,625 [FATAL] Updater:351 - Updater called before beeing initialized
2025-06-14 23:11:32,643 [INFO] RulesReader:64 - Compatibility file has been processed (302 Rules)
2025-06-14 23:11:32,650 [INFO] RulesReader:64 - Compatibility file has been processed (302 Rules)
2025-06-14 23:11:32,655 [INFO] CADModel:165 - CPN selected for project level
2025-06-14 23:11:32,655 [INFO] CADModel:114 - Register for checkConnection events
2025-06-14 23:11:32,655 [FATAL] Updater:351 - Updater called before beeing initialized
2025-06-14 23:11:32,655 [ERROR] CADModel:125 - Updater not yet initialized, retry later 
2025-06-14 23:11:32,753 [FATAL] Updater:351 - Updater called before beeing initialized
2025-06-14 23:11:32,755 [INFO] CADModel:165 - CPN selected for project level
2025-06-14 23:11:32,755 [INFO] CADModel:114 - Register for checkConnection events
2025-06-14 23:11:32,755 [FATAL] Updater:351 - Updater called before beeing initialized
2025-06-14 23:11:32,755 [ERROR] CADModel:125 - Updater not yet initialized, retry later 
2025-06-14 23:11:32,757 [FATAL] Updater:351 - Updater called before beeing initialized
2025-06-14 23:11:32,853 [FATAL] Updater:351 - Updater called before beeing initialized
2025-06-14 23:11:32,855 [INFO] DbMcusAds:53 - JSON generation date=Wed May 07 06:07:55 ART 2025 (1746608875484)
2025-06-14 23:11:32,855 [FATAL] Updater:351 - Updater called before beeing initialized
2025-06-14 23:11:32,880 [WARN] DetailPanel:346 - Failed to get advertising image, set to default
2025-06-14 23:11:33,078 [FATAL] Updater:351 - Updater called before beeing initialized
2025-06-14 23:11:33,079 [FATAL] Updater:351 - Updater called before beeing initialized
2025-06-14 23:11:33,079 [FATAL] Updater:351 - Updater called before beeing initialized
2025-06-14 23:11:33,079 [WARN] DetailPanel:346 - Failed to get advertising image, set to default
2025-06-14 23:11:33,080 [FATAL] Updater:351 - Updater called before beeing initialized
2025-06-14 23:11:33,112 [ERROR] Updater:1198 - MainUpdater not yet initialized. External WinMGr cannot be set.
2025-06-14 23:11:33,114 [INFO] Updater:1134 - Updater Version found : 6.14.1
2025-06-14 23:11:33,123 [INFO] ApplicationProperties:184 - Using Application install path: C:\ST\STM32CubeIDE_1.18.1\STM32CubeIDE\plugins\com.st.stm32cube.common.mx_6.14.1.202504091515
2025-06-14 23:11:34,683 [ERROR] LogOutputStream:75 - [STDERR_REDIRECT] Jun 14, 2025 11:11:34 PM java.util.prefs.WindowsPreferences <init>
2025-06-14 23:11:34,685 [ERROR] LogOutputStream:75 - [STDERR_REDIRECT] WARNING: Could not open/create prefs root node Software\JavaSoft\Prefs at root 0xffffffff80000002. Windows RegCreateKeyEx(...) returned error code 5.
2025-06-14 23:11:34,685 [ERROR] LogOutputStream:75 - [STDERR_REDIRECT] 
2025-06-14 23:11:34,905 [INFO] MainUpdater:2872 - connection check result : 10
2025-06-14 23:11:34,906 [INFO] MainUpdater:289 - Updater Check For Update Now.
2025-06-14 23:11:34,906 [INFO] MicroXplorer:498 - Change Database Version : DB.6.0.141
2025-06-14 23:11:34,911 [INFO] McuFinderGlobals:63 - Set McuFinder mode to 2 (CubeIDE integrated)
2025-06-14 23:11:34,912 [INFO] UserAuth:484 - Internet connection configuration mode: 1
2025-06-14 23:11:34,925 [INFO] JxBrowserEngine:152 - Initiate JxBrowser Engine with user profile folder
2025-06-14 23:11:35,067 [INFO] CheckServerUpdateThread:120 - End of CheckServer Thread
2025-06-14 23:11:35,242 [WARN] PackLoader:240 - Cannot read IP mode file for STMicroelectronics.FP-SNS-MOTENVWB1.1.4.0
2025-06-14 23:11:35,250 [WARN] PackLoader:240 - Cannot read IP mode file for STMicroelectronics.FP-ATR-ASTRA1.2.0.2
2025-06-14 23:11:35,256 [WARN] PackLoader:240 - Cannot read IP mode file for STMicroelectronics.X-CUBE-SMBUS.2.1.0
2025-06-14 23:11:35,259 [WARN] PackLoader:240 - Cannot read IP mode file for STMicroelectronics.X-CUBE-ST60.1.0.0
2025-06-14 23:11:35,283 [WARN] PackLoader:240 - Cannot read IP mode file for STMicroelectronics.X-CUBE-AZRTOS-F7.1.1.0
2025-06-14 23:11:35,307 [WARN] PackLoader:240 - Cannot read IP mode file for Infineon.AIROC-Wi-Fi-Bluetooth-STM32.1.7.0
2025-06-14 23:11:35,319 [WARN] PackLoader:240 - Cannot read IP mode file for STMicroelectronics.X-CUBE-DISPLAY.3.0.0
2025-06-14 23:11:35,328 [WARN] PackLoader:240 - Cannot read IP mode file for STMicroelectronics.X-CUBE-NFC10.1.0.0
2025-06-14 23:11:35,337 [WARN] PackLoader:240 - Cannot read IP mode file for STMicroelectronics.X-CUBE-BLEMGR.4.0.0
2025-06-14 23:11:35,343 [WARN] PackLoader:240 - Cannot read IP mode file for emotas.I-CUBE-CANOPEN.1.3.0
2025-06-14 23:11:35,348 [WARN] ConditionMgr:438 - getConditionDescription Invalid condition id : Cortex-A Device cause : null
2025-06-14 23:11:35,374 [WARN] ConditionMgr:1044 - genDependencies : Invalid condition id : Cortex-A Device cause : null
2025-06-14 23:11:35,375 [WARN] ConditionMgr:1044 - genDependencies : Invalid condition id : Cortex-A Device cause : null
2025-06-14 23:11:35,375 [WARN] ConditionMgr:1044 - genDependencies : Invalid condition id : Cortex-A Device cause : null
2025-06-14 23:11:35,378 [WARN] PackLoader:240 - Cannot read IP mode file for STMicroelectronics.FP-SNS-SMARTAG2.1.2.0
2025-06-14 23:11:35,381 [WARN] PackLoader:240 - Cannot read IP mode file for STMicroelectronics.FP-SNS-FLIGHT1.5.1.0
2025-06-14 23:11:35,388 [INFO] LogOutputStream:77 - [STDOUT_REDIRECT] 1 : Invalid condition id : UX_CORESTACK_Condition cause : null
2025-06-14 23:11:35,389 [INFO] LogOutputStream:77 - [STDOUT_REDIRECT] 1 : Invalid condition id : UX_CORESTACK_Condition cause : null
2025-06-14 23:11:35,390 [INFO] LogOutputStream:77 - [STDOUT_REDIRECT] 1 : Invalid condition id : UX_CORESTACK_Condition cause : null
2025-06-14 23:11:35,390 [INFO] LogOutputStream:77 - [STDOUT_REDIRECT] 1 : Invalid condition id : UX_CORESTACK_Condition cause : null
2025-06-14 23:11:35,391 [INFO] LogOutputStream:77 - [STDOUT_REDIRECT] 1 : Invalid condition id : UX_CORESTACK_Condition cause : null
2025-06-14 23:11:35,393 [WARN] PackLoader:240 - Cannot read IP mode file for STMicroelectronics.X-CUBE-AZRTOS-WL.2.0.0
2025-06-14 23:11:35,398 [WARN] PackLoader:240 - Cannot read IP mode file for STMicroelectronics.FP-SNS-MOTENV1.5.0.0
2025-06-14 23:11:35,403 [WARN] PackLoader:240 - Cannot read IP mode file for WES.I-CUBE-Cesium.1.3.0
2025-06-14 23:11:35,406 [WARN] PackLoader:240 - Cannot read IP mode file for STMicroelectronics.X-CUBE-BLE2.3.3.0
2025-06-14 23:11:35,411 [WARN] PackLoader:240 - Cannot read IP mode file for STMicroelectronics.X-CUBE-NFC9.1.0.0
2025-06-14 23:11:35,414 [WARN] PackLoader:240 - Cannot read IP mode file for wolfSSL.I-CUBE-wolfSSL.5.8.0
2025-06-14 23:11:35,418 [WARN] PackLoader:240 - Cannot read IP mode file for STMicroelectronics.X-CUBE-BLE1.7.1.0
2025-06-14 23:11:35,420 [WARN] PackLoader:240 - Cannot read IP mode file for wolfSSL.I-CUBE-wolfMQTT.1.19.2
2025-06-14 23:11:35,423 [WARN] PackLoader:240 - Cannot read IP mode file for STMicroelectronics.X-CUBE-AI.10.1.0
2025-06-14 23:11:35,461 [WARN] PackLoader:240 - Cannot read IP mode file for STMicroelectronics.X-CUBE-MEMS1.11.2.0
2025-06-14 23:11:35,555 [WARN] PackLoader:240 - Cannot read IP mode file for STMicroelectronics.X-CUBE-AZRTOS-G0.1.1.0
2025-06-14 23:11:35,561 [WARN] PackLoader:240 - Cannot read IP mode file for STMicroelectronics.X-CUBE-SAFEA1.1.2.2
2025-06-14 23:11:35,565 [WARN] PackLoader:240 - Cannot read IP mode file for STMicroelectronics.X-CUBE-NFC4.3.0.0
2025-06-14 23:11:35,573 [WARN] PackLoader:240 - Cannot read IP mode file for EmbeddedOffice.I-CUBE-FS-RTOS.1.0.1
2025-06-14 23:11:35,585 [WARN] PackLoader:240 - Cannot read IP mode file for STMicroelectronics.X-CUBE-WB05N.2.0.0
2025-06-14 23:11:35,590 [WARN] PackLoader:240 - Cannot read IP mode file for wolfSSL.I-CUBE-wolfTPM.3.8.0
2025-06-14 23:11:35,596 [WARN] PackLoader:240 - Cannot read IP mode file for STMicroelectronics.X-CUBE-TCPP.4.2.0
2025-06-14 23:11:35,602 [WARN] PackLoader:240 - Cannot read IP mode file for RealThread.X-CUBE-RT-Thread_Nano.4.1.1
2025-06-14 23:11:35,607 [WARN] PackLoader:240 - Cannot read IP mode file for STMicroelectronics.FP-ATR-SIGFOX1.3.2.0
2025-06-14 23:11:35,613 [WARN] PackLoader:240 - Cannot read IP mode file for STMicroelectronics.X-CUBE-EEPRMA1.5.1.0
2025-06-14 23:11:35,620 [WARN] PackLoader:240 - Cannot read IP mode file for ITTIA_DB.I-CUBE-ITTIADB.8.9.0
2025-06-14 23:11:35,650 [WARN] PackLoader:240 - Cannot read IP mode file for SEGGER.I-CUBE-embOS.1.3.1
2025-06-14 23:11:35,707 [WARN] PackLoader:240 - Cannot read IP mode file for STMicroelectronics.X-CUBE-ALGOBUILD.1.4.0
2025-06-14 23:11:35,756 [WARN] PackLoader:240 - Cannot read IP mode file for STMicroelectronics.X-CUBE-MEMS1.11.3.0
2025-06-14 23:11:35,865 [WARN] PackLoader:240 - Cannot read IP mode file for STMicroelectronics.X-CUBE-AZRTOS-F4.1.1.0
2025-06-14 23:11:35,872 [WARN] PackLoader:240 - Cannot read IP mode file for Avnet-IotConnect.X-CUBE-IoTC-DA16k-PMOD.1.0.0
2025-06-14 23:11:35,876 [WARN] PackLoader:240 - Cannot read IP mode file for STMicroelectronics.X-CUBE-ISPU.2.1.0
2025-06-14 23:11:35,887 [WARN] PackLoader:240 - Cannot read IP mode file for STMicroelectronics.X-CUBE-AZRTOS-L5.2.0.0
2025-06-14 23:11:35,895 [WARN] PackLoader:240 - Cannot read IP mode file for STMicroelectronics.X-CUBE-NFC6.3.1.0
2025-06-14 23:11:35,902 [WARN] PackLoader:240 - Cannot read IP mode file for STMicroelectronics.X-CUBE-FREERTOS.1.3.1
2025-06-14 23:11:35,908 [WARN] PackLoader:240 - Cannot read IP mode file for STMicroelectronics.X-CUBE-DPower.1.3.0
2025-06-14 23:11:35,921 [WARN] ConditionMgr:438 - getConditionDescription Invalid condition id : LAN8742 Phy interface Condition cause : null
2025-06-14 23:11:35,922 [WARN] PackLoader:240 - Cannot read IP mode file for STMicroelectronics.X-CUBE-AZRTOS-L4.2.0.0
2025-06-14 23:11:35,923 [WARN] ConditionMgr:1044 - genDependencies : Invalid condition id : LAN8742 Phy interface Condition cause : null
2025-06-14 23:11:35,923 [WARN] ConditionMgr:1044 - genDependencies : Invalid condition id : LAN8742 Phy interface Condition cause : null
2025-06-14 23:11:35,924 [WARN] ConditionMgr:1044 - genDependencies : Invalid condition id : LAN8742 Phy interface Condition cause : null
2025-06-14 23:11:35,975 [WARN] PackLoader:240 - Cannot read IP mode file for STMicroelectronics.X-CUBE-SFXS2LP1.4.0.0
2025-06-14 23:11:35,989 [WARN] PackLoader:240 - Cannot read IP mode file for STMicroelectronics.X-CUBE-AZRTOS-H7.3.3.0
2025-06-14 23:11:35,998 [WARN] ConditionMgr:438 - getConditionDescription Invalid condition id : UX DEVICE CLASS RTOS Condition cause : null
2025-06-14 23:11:35,998 [WARN] ConditionMgr:438 - getConditionDescription Invalid condition id : UX DEVICE CLASS RTOS Condition cause : null
2025-06-14 23:11:35,999 [WARN] PackLoader:240 - Cannot read IP mode file for STMicroelectronics.X-CUBE-AZRTOS-WB.2.0.0
2025-06-14 23:11:36,000 [WARN] ConditionMgr:1044 - genDependencies : Invalid condition id : UX DEVICE CLASS RTOS Condition cause : null
2025-06-14 23:11:36,000 [WARN] ConditionMgr:1044 - genDependencies : Invalid condition id : UX DEVICE CLASS RTOS Condition cause : null
2025-06-14 23:11:36,000 [WARN] ConditionMgr:1044 - genDependencies : Invalid condition id : UX DEVICE CLASS RTOS Condition cause : null
2025-06-14 23:11:36,000 [WARN] ConditionMgr:1044 - genDependencies : Invalid condition id : UX DEVICE CLASS RTOS Condition cause : null
2025-06-14 23:11:36,000 [WARN] ConditionMgr:1044 - genDependencies : Invalid condition id : UX DEVICE CLASS RTOS Condition cause : null
2025-06-14 23:11:36,007 [WARN] PackLoader:240 - Cannot read IP mode file for STMicroelectronics.X-CUBE-GNSS1.7.0.1
2025-06-14 23:11:36,011 [WARN] PackLoader:240 - Cannot read IP mode file for STMicroelectronics.X-CUBE-TOUCHGFX.4.25.0
2025-06-14 23:11:36,017 [WARN] PackLoader:240 - Cannot read IP mode file for STMicroelectronics.FP-SNS-STBOX1.2.0.0
2025-06-14 23:11:36,272 [WARN] PackLoader:240 - Cannot read IP mode file for STMicroelectronics.X-CUBE-SUBG2.5.0.0
2025-06-14 23:11:36,288 [WARN] PackLoader:240 - Cannot read IP mode file for STMicroelectronics.X-CUBE-AZRTOS-H7RS.1.1.0
2025-06-14 23:11:36,339 [WARN] PackLoader:240 - Cannot read IP mode file for Cesanta.I-CUBE-Mongoose.7.13.0
2025-06-14 23:11:36,347 [WARN] PackLoader:240 - Cannot read IP mode file for STMicroelectronics.X-CUBE-AZRTOS-G4.2.0.0
2025-06-14 23:11:36,383 [WARN] PackLoader:240 - Cannot read IP mode file for wolfSSL.I-CUBE-wolfSSH.1.4.20
2025-06-14 23:11:36,386 [WARN] PackLoader:240 - Cannot read IP mode file for STMicroelectronics.X-CUBE-NFC7.2.0.0
2025-06-14 23:11:36,393 [WARN] PackLoader:240 - Cannot read IP mode file for STMicroelectronics.X-CUBE-IPS.3.1.0
2025-06-14 23:11:36,400 [WARN] PackLoader:240 - Cannot read IP mode file for STMicroelectronics.X-CUBE-ALS.1.0.2
2025-06-14 23:11:36,404 [WARN] PackLoader:240 - Cannot read IP mode file for portGmbH.I-Cube-SoM-uGOAL.1.1.0
2025-06-14 23:11:36,411 [WARN] PackLoader:240 - Cannot read IP mode file for STMicroelectronics.X-CUBE-TOF1.3.4.3
2025-06-14 23:11:36,419 [INFO] ThirdParty:978 - Integrity check success = true
2025-06-14 23:11:36,419 [INFO] IntegrityCheckThread:100 - exiting critical section [integrity check]
2025-06-14 23:11:36,419 [INFO] IntegrityCheckThread:103 - End integrity checks thread
2025-06-14 23:11:36,480 [INFO] WebApp:169 - Instantiating new browser for Auth
2025-06-14 23:11:39,862 [INFO] WebApp:463 - Apply proxy settings
2025-06-14 23:11:39,862 [INFO] WebApp:548 - Chromium requires no authentication
2025-06-14 23:11:39,868 [INFO] WebApp:491 - Direct internet connection detected
2025-06-14 23:11:39,882 [INFO] WebApp:894 - Register for checkConnection events
2025-06-14 23:11:39,882 [INFO] WebApp:463 - Apply proxy settings
2025-06-14 23:11:39,882 [INFO] WebApp:548 - Chromium requires no authentication
2025-06-14 23:11:39,883 [INFO] WebApp:491 - Direct internet connection detected
2025-06-14 23:11:39,980 [INFO] WebApp:225 - Starting web application
2025-06-14 23:11:39,980 [INFO] WebApp:593 - Web application path used C:\ST\STM32CubeIDE_1.18.1\STM32CubeIDE\plugins\com.st.stm32cube.common.mx_6.14.1.202504091515\db\plugins\mcufinder\reactClient1\index.html
2025-06-14 23:11:42,561 [INFO] UserAuth:484 - Internet connection configuration mode: 1
2025-06-14 23:11:54,722 [INFO] WebApp:191 - Connection restablished
2025-06-14 23:28:30,864 [ERROR] LogOutputStream:75 - [STDERR_REDIRECT] 
