2025-06-17 19:05:50,359 [INFO] Activator:176 - 


2025-06-17 19:05:50,359 [INFO] Activator:177 - !SESSION log4j initialized
2025-06-17 19:05:52,205 [INFO] LogOutputStream:77 - [STDOUT_REDIRECT] 
2025-06-17 19:06:06,532 [INFO] ApplicationProperties:184 - Using Application install path: C:\ST\STM32CubeIDE_1.18.1\STM32CubeIDE\plugins\com.st.stm32cube.common.mx_6.14.1.202504091515
2025-06-17 19:06:06,575 [INFO] DbMcusXml:78 - Set database path to: C:\ST\STM32CubeIDE_1.18.1\STM32CubeIDE\plugins\com.st.stm32cube.common.mx_6.14.1.202504091515\\db\/mcu/
2025-06-17 19:06:06,575 [INFO] ApiDb:274 - Set plugin database path to: C:\ST\STM32CubeIDE_1.18.1\STM32CubeIDE\plugins\com.st.stm32cube.common.mx_6.14.1.202504091515\\db\/plugins/boardmanager/
2025-06-17 19:06:06,576 [WARN] ApiDb:259 - Overriding images path with different value:  => C:\ST\STM32CubeIDE_1.18.1\STM32CubeIDE\plugins\com.st.stm32cube.common.mx_6.14.1.202504091515\\db\/plugins/mcufinder/images/
2025-06-17 19:06:06,718 [INFO] ApiDb:250 - Set database path to: C:\Users\sebas\.stmcufinder\plugins\mcufinder//mcu/
2025-06-17 19:06:06,719 [INFO] DbMcusAds:125 - Set database path to: C:\Users\sebas\.stmcufinder\plugins\mcufinder//mcu/
2025-06-17 19:06:06,725 [INFO] CrossReferenceDbSqlite:203 - Set database path to: C:\Users\sebas\.stmcufinder\plugins\mcufinder//mcu/cs/
2025-06-17 19:06:06,874 [INFO] RulesReader:64 - Compatibility file has been processed (302 Rules)
2025-06-17 19:06:07,558 [INFO] DbMcusXml:78 - Set database path to: C:\ST\STM32CubeIDE_1.18.1\STM32CubeIDE\plugins\com.st.stm32cube.common.mx_6.14.1.202504091515\\db\/mcu/
2025-06-17 19:06:07,558 [INFO] ApiDb:274 - Set plugin database path to: C:\ST\STM32CubeIDE_1.18.1\STM32CubeIDE\plugins\com.st.stm32cube.common.mx_6.14.1.202504091515\\db\/plugins/boardmanager/
2025-06-17 19:06:07,558 [INFO] ApiDb:261 - Set plugin images path to: C:\ST\STM32CubeIDE_1.18.1\STM32CubeIDE\plugins\com.st.stm32cube.common.mx_6.14.1.202504091515\\db\/plugins/mcufinder/images/
2025-06-17 19:06:07,558 [WARN] DbFile:41 - Overriding database path with different value: C:\Users\sebas\.stmcufinder\plugins\mcufinder/ => C:\Users\sebas\.stmcufinder\plugins\mcufinder
2025-06-17 19:06:07,558 [INFO] ApiDb:250 - Set database path to: C:\Users\sebas\.stmcufinder\plugins\mcufinder//mcu/
2025-06-17 19:06:07,558 [WARN] DbFile:41 - Overriding database path with different value: C:\Users\sebas\.stmcufinder\plugins\mcufinder/ => C:\Users\sebas\.stmcufinder\plugins\mcufinder
2025-06-17 19:06:07,558 [INFO] DbMcusAds:125 - Set database path to: C:\Users\sebas\.stmcufinder\plugins\mcufinder//mcu/
2025-06-17 19:06:07,559 [WARN] DbFile:41 - Overriding database path with different value: C:\Users\sebas\.stmcufinder\plugins\mcufinder/ => C:\Users\sebas\.stmcufinder\plugins\mcufinder
2025-06-17 19:06:07,559 [WARN] DbFile:41 - Overriding database path with different value: C:\Users\sebas\.stmcufinder\plugins\mcufinder/ => C:\Users\sebas\.stmcufinder\plugins\mcufinder
2025-06-17 19:06:07,559 [INFO] CrossReferenceDbSqlite:203 - Set database path to: C:\Users\sebas\.stmcufinder\plugins\mcufinder//mcu/cs/
2025-06-17 19:06:07,715 [INFO] MainPanel:272 - HeapMemory: 268435456
2025-06-17 19:06:07,935 [INFO] DbMcusXml:78 - Set database path to: C:\ST\STM32CubeIDE_1.18.1\STM32CubeIDE\plugins\com.st.stm32cube.common.mx_6.14.1.202504091515\\db\/mcu/
2025-06-17 19:06:07,936 [INFO] ApiDb:274 - Set plugin database path to: C:\ST\STM32CubeIDE_1.18.1\STM32CubeIDE\plugins\com.st.stm32cube.common.mx_6.14.1.202504091515\\db\/plugins/boardmanager/
2025-06-17 19:06:07,936 [INFO] ApiDb:261 - Set plugin images path to: C:\ST\STM32CubeIDE_1.18.1\STM32CubeIDE\plugins\com.st.stm32cube.common.mx_6.14.1.202504091515\\db\/plugins/mcufinder/images/
2025-06-17 19:06:07,936 [WARN] DbFile:41 - Overriding database path with different value: C:\Users\sebas\.stmcufinder\plugins\mcufinder/ => C:\Users\sebas\.stmcufinder\plugins\mcufinder
2025-06-17 19:06:07,936 [INFO] ApiDb:250 - Set database path to: C:\Users\sebas\.stmcufinder\plugins\mcufinder//mcu/
2025-06-17 19:06:07,936 [WARN] DbFile:41 - Overriding database path with different value: C:\Users\sebas\.stmcufinder\plugins\mcufinder/ => C:\Users\sebas\.stmcufinder\plugins\mcufinder
2025-06-17 19:06:07,936 [INFO] DbMcusAds:125 - Set database path to: C:\Users\sebas\.stmcufinder\plugins\mcufinder//mcu/
2025-06-17 19:06:07,936 [WARN] DbFile:41 - Overriding database path with different value: C:\Users\sebas\.stmcufinder\plugins\mcufinder/ => C:\Users\sebas\.stmcufinder\plugins\mcufinder
2025-06-17 19:06:07,936 [WARN] DbFile:41 - Overriding database path with different value: C:\Users\sebas\.stmcufinder\plugins\mcufinder/ => C:\Users\sebas\.stmcufinder\plugins\mcufinder
2025-06-17 19:06:07,936 [INFO] CrossReferenceDbSqlite:203 - Set database path to: C:\Users\sebas\.stmcufinder\plugins\mcufinder//mcu/cs/
2025-06-17 19:06:07,984 [INFO] ApplicationProperties:184 - Using Application install path: C:\ST\STM32CubeIDE_1.18.1\STM32CubeIDE\plugins\com.st.stm32cube.common.mx_6.14.1.202504091515
2025-06-17 19:06:07,984 [INFO] PluginManage:196 - Search for loadable plugins [exclusion list=, ]
2025-06-17 19:06:08,000 [INFO] PluginManage:310 - Check plugin analytics
2025-06-17 19:06:12,811 [INFO] AnalyticsPlugin:253 - Accepted Software Licenses: 
2025-06-17 19:06:12,811 [INFO] AnalyticsPlugin:255 - Accepted CMSIS Pack Licenses: 
2025-06-17 19:06:12,811 [INFO] AnalyticsPlugin:257 - Accepted Firmware Licenses: FW.F4.1.28.0
2025-06-17 19:06:12,814 [INFO] PluginManage:359 - Loaded plugin analytics (category:tool,tabindex:-1)
2025-06-17 19:06:12,814 [INFO] PluginManage:310 - Check plugin cadmodel
2025-06-17 19:06:12,862 [INFO] CADModel:105 - Init CAD model plugin
2025-06-17 19:06:12,862 [INFO] PluginManage:359 - Loaded plugin cadmodel (category:power,tabindex:5)
2025-06-17 19:06:12,862 [INFO] PluginManage:310 - Check plugin clock
2025-06-17 19:06:12,898 [INFO] PluginManage:359 - Loaded plugin clock (category:base,tabindex:2)
2025-06-17 19:06:12,898 [INFO] PluginManage:310 - Check plugin ddr
2025-06-17 19:06:12,924 [INFO] PluginManage:359 - Loaded plugin ddr (category:tool,tabindex:6)
2025-06-17 19:06:12,925 [INFO] PluginManage:310 - Check plugin filemanager
2025-06-17 19:06:13,170 [INFO] PluginManage:359 - Loaded plugin filemanager (category:base,tabindex:10)
2025-06-17 19:06:13,171 [INFO] PluginManage:310 - Check plugin ipmanager
2025-06-17 19:06:13,197 [INFO] PluginManage:359 - Loaded plugin ipmanager (category:base,tabindex:5)
2025-06-17 19:06:13,197 [INFO] PluginManage:310 - Check plugin lpbam
2025-06-17 19:06:13,216 [INFO] PluginManage:359 - Loaded plugin lpbam (category:base,tabindex:0)
2025-06-17 19:06:13,216 [INFO] PluginManage:310 - Check plugin memorymap
2025-06-17 19:06:13,289 [INFO] PluginManage:359 - Loaded plugin memorymap (category:base,tabindex:4)
2025-06-17 19:06:13,289 [INFO] PluginManage:310 - Check plugin pinoutandconfiguration
2025-06-17 19:06:13,328 [INFO] PluginManage:359 - Loaded plugin pinoutandconfiguration (category:base,tabindex:1)
2025-06-17 19:06:13,328 [INFO] PluginManage:310 - Check plugin pinoutconfig
2025-06-17 19:06:13,445 [WARN] SupportedApi:132 - Cannot load RTOS API schema: s4s-elt-must-match.1: The content of 'definitions' must match (annotation?, (simpleType | complexType)?, (unique | key | keyref)*)). A problem was found starting at: attribute.
2025-06-17 19:06:13,575 [INFO] PluginManage:359 - Loaded plugin pinoutconfig (category:base,tabindex:0)
2025-06-17 19:06:13,575 [INFO] PluginManage:310 - Check plugin power
2025-06-17 19:06:13,636 [INFO] PluginManage:359 - Loaded plugin power (category:power,tabindex:4)
2025-06-17 19:06:13,636 [INFO] PluginManage:310 - Check plugin projectmanager
2025-06-17 19:06:13,662 [INFO] PluginManage:359 - Loaded plugin projectmanager (category:projectmanager,tabindex:4)
2025-06-17 19:06:13,662 [INFO] PluginManage:310 - Check plugin rif
2025-06-17 19:06:13,708 [INFO] PluginManage:359 - Loaded plugin rif (category:base,tabindex:3)
2025-06-17 19:06:13,708 [INFO] PluginManage:310 - Check plugin thirdparty
2025-06-17 19:06:14,033 [WARN] IntegrityCheckThread:84 - waiting for thirdparty lock release [integrity check]
2025-06-17 19:06:14,034 [INFO] IntegrityCheckThread:86 - entering critical section [integrity check]
2025-06-17 19:06:14,034 [INFO] ThirdPartyUpdaterWithRetryManager:70 - Updater plugin not ready yet. [1/15]
2025-06-17 19:06:14,035 [INFO] PluginManage:359 - Loaded plugin thirdparty (category:base,tabindex:-1)
2025-06-17 19:06:14,035 [INFO] PluginManage:310 - Check plugin tools
2025-06-17 19:06:14,050 [INFO] PluginManage:359 - Loaded plugin tools (category:base,tabindex:7)
2025-06-17 19:06:14,050 [INFO] PluginManage:310 - Check plugin tutovideos
2025-06-17 19:06:14,272 [INFO] PluginManage:359 - Loaded plugin tutovideos (category:base,tabindex:-1)
2025-06-17 19:06:14,272 [INFO] PluginManage:310 - Check plugin updater
2025-06-17 19:06:14,318 [INFO] PluginManage:359 - Loaded plugin updater (category:base,tabindex:12)
2025-06-17 19:06:14,318 [INFO] PluginManage:310 - Check plugin userauth
2025-06-17 19:06:14,345 [INFO] UserAuth:118 - Init User Auth plugin
2025-06-17 19:06:14,345 [INFO] PluginManage:359 - Loaded plugin userauth (category:base,tabindex:14)
2025-06-17 19:06:14,346 [INFO] PluginManage:283 - PluginManage : Loaded plugins [18]
2025-06-17 19:06:14,713 [INFO] PinOutPanel:1589 - setPackage(No Configuration,No Configuration)
2025-06-17 19:06:14,924 [INFO] CADModel:165 - CPN selected for project level
2025-06-17 19:06:14,924 [INFO] CADModel:114 - Register for checkConnection events
2025-06-17 19:06:14,990 [INFO] IPUIPlugin:80 - create IPUIPlugin
2025-06-17 19:06:14,990 [INFO] PluginManager:220 - loadIPPluginJar : add adc
2025-06-17 19:06:15,006 [INFO] IPUIPlugin:80 - create IPUIPlugin
2025-06-17 19:06:15,006 [INFO] PluginManager:220 - loadIPPluginJar : add aes
2025-06-17 19:06:15,030 [INFO] IPUIPlugin:80 - create IPUIPlugin
2025-06-17 19:06:15,030 [INFO] PluginManager:220 - loadIPPluginJar : add can
2025-06-17 19:06:15,040 [INFO] IPUIPlugin:80 - create IPUIPlugin
2025-06-17 19:06:15,040 [INFO] PluginManager:220 - loadIPPluginJar : add comp
2025-06-17 19:06:15,049 [INFO] IPUIPlugin:80 - create IPUIPlugin
2025-06-17 19:06:15,049 [INFO] PluginManager:220 - loadIPPluginJar : add cryp
2025-06-17 19:06:15,073 [INFO] IPUIPlugin:80 - create IPUIPlugin
2025-06-17 19:06:15,073 [INFO] PluginManager:220 - loadIPPluginJar : add ddr_ctrl_phy
2025-06-17 19:06:15,098 [INFO] IPUIPlugin:80 - create IPUIPlugin
2025-06-17 19:06:15,098 [INFO] PluginManager:220 - loadIPPluginJar : add dfsdm
2025-06-17 19:06:15,114 [INFO] IPUIPlugin:80 - create IPUIPlugin
2025-06-17 19:06:15,114 [INFO] PluginManager:220 - loadIPPluginJar : add dma
2025-06-17 19:06:15,126 [INFO] IPUIPlugin:80 - create IPUIPlugin
2025-06-17 19:06:15,126 [INFO] PluginManager:220 - loadIPPluginJar : add dma3
2025-06-17 19:06:15,139 [INFO] IPUIPlugin:80 - create IPUIPlugin
2025-06-17 19:06:15,139 [INFO] PluginManager:220 - loadIPPluginJar : add extmemmanager
2025-06-17 19:06:15,149 [INFO] IPUIPlugin:80 - create IPUIPlugin
2025-06-17 19:06:15,149 [INFO] PluginManager:220 - loadIPPluginJar : add fatfs
2025-06-17 19:06:15,180 [INFO] IPUIPlugin:80 - create IPUIPlugin
2025-06-17 19:06:15,181 [INFO] PluginManager:220 - loadIPPluginJar : add fmc
2025-06-17 19:06:15,286 [INFO] IPUIPlugin:80 - create IPUIPlugin
2025-06-17 19:06:15,286 [INFO] PluginManager:220 - loadIPPluginJar : add freertos
2025-06-17 19:06:15,287 [INFO] IPUIPlugin:80 - create IPUIPlugin
2025-06-17 19:06:15,287 [INFO] PluginManager:220 - loadIPPluginJar : add genericplugin
2025-06-17 19:06:15,311 [INFO] IPUIPlugin:80 - create IPUIPlugin
2025-06-17 19:06:15,311 [INFO] PluginManager:220 - loadIPPluginJar : add gfxmmu
2025-06-17 19:06:15,325 [INFO] IPUIPlugin:80 - create IPUIPlugin
2025-06-17 19:06:15,326 [INFO] PluginManager:220 - loadIPPluginJar : add gic
2025-06-17 19:06:15,343 [INFO] IPUIPlugin:80 - create IPUIPlugin
2025-06-17 19:06:15,343 [INFO] PluginManager:220 - loadIPPluginJar : add gpio
2025-06-17 19:06:15,354 [INFO] IPUIPlugin:80 - create IPUIPlugin
2025-06-17 19:06:15,354 [INFO] PluginManager:220 - loadIPPluginJar : add gtzc
2025-06-17 19:06:15,366 [INFO] IPUIPlugin:80 - create IPUIPlugin
2025-06-17 19:06:15,366 [INFO] PluginManager:220 - loadIPPluginJar : add hash
2025-06-17 19:06:15,380 [INFO] IPUIPlugin:80 - create IPUIPlugin
2025-06-17 19:06:15,381 [INFO] PluginManager:220 - loadIPPluginJar : add i2c
2025-06-17 19:06:15,397 [INFO] IPUIPlugin:80 - create IPUIPlugin
2025-06-17 19:06:15,397 [INFO] PluginManager:220 - loadIPPluginJar : add i2s
2025-06-17 19:06:15,414 [INFO] IPUIPlugin:80 - create IPUIPlugin
2025-06-17 19:06:15,414 [INFO] PluginManager:220 - loadIPPluginJar : add i3c
2025-06-17 19:06:15,431 [INFO] IPUIPlugin:80 - create IPUIPlugin
2025-06-17 19:06:15,431 [INFO] PluginManager:220 - loadIPPluginJar : add ipddr
2025-06-17 19:06:15,471 [INFO] IPUIPlugin:80 - create IPUIPlugin
2025-06-17 19:06:15,471 [INFO] PluginManager:220 - loadIPPluginJar : add linkedlist
2025-06-17 19:06:15,484 [INFO] IPUIPlugin:80 - create IPUIPlugin
2025-06-17 19:06:15,484 [INFO] PluginManager:220 - loadIPPluginJar : add lorawan
2025-06-17 19:06:15,497 [INFO] IPUIPlugin:80 - create IPUIPlugin
2025-06-17 19:06:15,497 [INFO] PluginManager:220 - loadIPPluginJar : add ltdc
2025-06-17 19:06:15,509 [INFO] IPUIPlugin:80 - create IPUIPlugin
2025-06-17 19:06:15,509 [INFO] PluginManager:220 - loadIPPluginJar : add mdma
2025-06-17 19:06:15,522 [INFO] IPUIPlugin:80 - create IPUIPlugin
2025-06-17 19:06:15,522 [INFO] PluginManager:220 - loadIPPluginJar : add nvic
2025-06-17 19:06:15,536 [INFO] IPUIPlugin:80 - create IPUIPlugin
2025-06-17 19:06:15,536 [INFO] PluginManager:220 - loadIPPluginJar : add opamp
2025-06-17 19:06:15,548 [INFO] IPUIPlugin:80 - create IPUIPlugin
2025-06-17 19:06:15,548 [INFO] PluginManager:220 - loadIPPluginJar : add openamp
2025-06-17 19:06:15,564 [INFO] IPUIPlugin:80 - create IPUIPlugin
2025-06-17 19:06:15,564 [INFO] PluginManager:220 - loadIPPluginJar : add pdm2pcm
2025-06-17 19:06:15,577 [INFO] IPUIPlugin:80 - create IPUIPlugin
2025-06-17 19:06:15,579 [INFO] PluginManager:220 - loadIPPluginJar : add plateformsettings
2025-06-17 19:06:15,592 [INFO] IPUIPlugin:80 - create IPUIPlugin
2025-06-17 19:06:15,592 [INFO] PluginManager:220 - loadIPPluginJar : add quadspi
2025-06-17 19:06:15,603 [INFO] IPUIPlugin:80 - create IPUIPlugin
2025-06-17 19:06:15,604 [INFO] PluginManager:220 - loadIPPluginJar : add radio
2025-06-17 19:06:15,617 [INFO] IPUIPlugin:80 - create IPUIPlugin
2025-06-17 19:06:15,617 [INFO] PluginManager:220 - loadIPPluginJar : add resmgrutility
2025-06-17 19:06:15,636 [INFO] IPUIPlugin:80 - create IPUIPlugin
2025-06-17 19:06:15,636 [INFO] PluginManager:220 - loadIPPluginJar : add sai
2025-06-17 19:06:15,650 [INFO] IPUIPlugin:80 - create IPUIPlugin
2025-06-17 19:06:15,650 [INFO] PluginManager:220 - loadIPPluginJar : add spi
2025-06-17 19:06:15,668 [INFO] IPUIPlugin:80 - create IPUIPlugin
2025-06-17 19:06:15,668 [INFO] PluginManager:220 - loadIPPluginJar : add stm32_wpan
2025-06-17 19:06:15,683 [INFO] IPUIPlugin:80 - create IPUIPlugin
2025-06-17 19:06:15,683 [INFO] PluginManager:220 - loadIPPluginJar : add tim
2025-06-17 19:06:15,696 [INFO] IPUIPlugin:80 - create IPUIPlugin
2025-06-17 19:06:15,697 [INFO] PluginManager:220 - loadIPPluginJar : add touchsensing
2025-06-17 19:06:15,714 [INFO] IPUIPlugin:80 - create IPUIPlugin
2025-06-17 19:06:15,715 [INFO] PluginManager:220 - loadIPPluginJar : add tracer_emb
2025-06-17 19:06:15,723 [INFO] IPUIPlugin:80 - create IPUIPlugin
2025-06-17 19:06:15,723 [INFO] PluginManager:220 - loadIPPluginJar : add ts
2025-06-17 19:06:15,735 [INFO] IPUIPlugin:80 - create IPUIPlugin
2025-06-17 19:06:15,735 [INFO] PluginManager:220 - loadIPPluginJar : add tsc
2025-06-17 19:06:15,740 [INFO] IPUIPlugin:80 - create IPUIPlugin
2025-06-17 19:06:15,740 [INFO] PluginManager:220 - loadIPPluginJar : add ucpd
2025-06-17 19:06:15,750 [INFO] IPUIPlugin:80 - create IPUIPlugin
2025-06-17 19:06:15,750 [INFO] PluginManager:220 - loadIPPluginJar : add usart
2025-06-17 19:06:15,763 [INFO] IPUIPlugin:80 - create IPUIPlugin
2025-06-17 19:06:15,763 [INFO] PluginManager:220 - loadIPPluginJar : add usbx
2025-06-17 19:06:15,919 [FATAL] Updater:351 - Updater called before beeing initialized
2025-06-17 19:06:15,962 [INFO] RulesReader:64 - Compatibility file has been processed (302 Rules)
2025-06-17 19:06:15,971 [INFO] RulesReader:64 - Compatibility file has been processed (302 Rules)
2025-06-17 19:06:15,985 [INFO] CADModel:165 - CPN selected for project level
2025-06-17 19:06:15,985 [INFO] CADModel:114 - Register for checkConnection events
2025-06-17 19:06:15,986 [FATAL] Updater:351 - Updater called before beeing initialized
2025-06-17 19:06:15,986 [ERROR] CADModel:125 - Updater not yet initialized, retry later 
2025-06-17 19:06:16,252 [FATAL] Updater:351 - Updater called before beeing initialized
2025-06-17 19:06:16,272 [INFO] CADModel:165 - CPN selected for project level
2025-06-17 19:06:16,272 [INFO] CADModel:114 - Register for checkConnection events
2025-06-17 19:06:16,272 [FATAL] Updater:351 - Updater called before beeing initialized
2025-06-17 19:06:16,272 [ERROR] CADModel:125 - Updater not yet initialized, retry later 
2025-06-17 19:06:16,281 [FATAL] Updater:351 - Updater called before beeing initialized
2025-06-17 19:06:16,401 [FATAL] Updater:351 - Updater called before beeing initialized
2025-06-17 19:06:16,420 [INFO] DbMcusAds:53 - JSON generation date=Wed May 07 06:07:55 ART 2025 (1746608875484)
2025-06-17 19:06:16,420 [FATAL] Updater:351 - Updater called before beeing initialized
2025-06-17 19:06:16,503 [WARN] DetailPanel:346 - Failed to get advertising image, set to default
2025-06-17 19:06:16,721 [FATAL] Updater:351 - Updater called before beeing initialized
2025-06-17 19:06:16,723 [FATAL] Updater:351 - Updater called before beeing initialized
2025-06-17 19:06:16,723 [FATAL] Updater:351 - Updater called before beeing initialized
2025-06-17 19:06:16,723 [WARN] DetailPanel:346 - Failed to get advertising image, set to default
2025-06-17 19:06:16,724 [FATAL] Updater:351 - Updater called before beeing initialized
2025-06-17 19:06:16,839 [ERROR] Updater:1198 - MainUpdater not yet initialized. External WinMGr cannot be set.
2025-06-17 19:06:16,856 [INFO] Updater:1134 - Updater Version found : 6.14.1
2025-06-17 19:06:16,888 [INFO] ApplicationProperties:184 - Using Application install path: C:\ST\STM32CubeIDE_1.18.1\STM32CubeIDE\plugins\com.st.stm32cube.common.mx_6.14.1.202504091515
2025-06-17 19:06:17,034 [INFO] ThirdPartyUpdaterWithRetryManager:70 - Updater plugin not ready yet. [2/15]
2025-06-17 19:06:18,503 [ERROR] LogOutputStream:75 - [STDERR_REDIRECT] Jun 17, 2025 7:06:18 PM java.util.prefs.WindowsPreferences <init>
2025-06-17 19:06:18,504 [ERROR] LogOutputStream:75 - [STDERR_REDIRECT] WARNING: Could not open/create prefs root node Software\JavaSoft\Prefs at root 0xffffffff80000002. Windows RegCreateKeyEx(...) returned error code 5.
2025-06-17 19:06:18,504 [ERROR] LogOutputStream:75 - [STDERR_REDIRECT] 
2025-06-17 19:06:19,002 [INFO] MainUpdater:2872 - connection check result : 10
2025-06-17 19:06:19,003 [INFO] MainUpdater:289 - Updater Check For Update Now.
2025-06-17 19:06:19,003 [INFO] MicroXplorer:498 - Change Database Version : DB.6.0.141
2025-06-17 19:06:19,026 [INFO] McuFinderGlobals:63 - Set McuFinder mode to 2 (CubeIDE integrated)
2025-06-17 19:06:19,046 [INFO] UserAuth:484 - Internet connection configuration mode: 1
2025-06-17 19:06:19,198 [INFO] JxBrowserEngine:152 - Initiate JxBrowser Engine with user profile folder
2025-06-17 19:06:19,295 [INFO] CheckServerUpdateThread:120 - End of CheckServer Thread
2025-06-17 19:06:22,047 [WARN] PackLoader:240 - Cannot read IP mode file for STMicroelectronics.FP-SNS-MOTENVWB1.1.4.0
2025-06-17 19:06:22,067 [WARN] PackLoader:240 - Cannot read IP mode file for STMicroelectronics.FP-ATR-ASTRA1.2.0.2
2025-06-17 19:06:22,088 [WARN] PackLoader:240 - Cannot read IP mode file for STMicroelectronics.X-CUBE-SMBUS.2.1.0
2025-06-17 19:06:22,133 [WARN] PackLoader:240 - Cannot read IP mode file for STMicroelectronics.X-CUBE-ST60.1.0.0
2025-06-17 19:06:22,185 [WARN] PackLoader:240 - Cannot read IP mode file for STMicroelectronics.X-CUBE-AZRTOS-F7.1.1.0
2025-06-17 19:06:22,219 [WARN] PackLoader:240 - Cannot read IP mode file for Infineon.AIROC-Wi-Fi-Bluetooth-STM32.1.7.0
2025-06-17 19:06:22,265 [WARN] PackLoader:240 - Cannot read IP mode file for STMicroelectronics.X-CUBE-DISPLAY.3.0.0
2025-06-17 19:06:22,302 [WARN] PackLoader:240 - Cannot read IP mode file for STMicroelectronics.X-CUBE-NFC10.1.0.0
2025-06-17 19:06:22,349 [WARN] PackLoader:240 - Cannot read IP mode file for STMicroelectronics.X-CUBE-BLEMGR.4.0.0
2025-06-17 19:06:22,377 [WARN] PackLoader:240 - Cannot read IP mode file for emotas.I-CUBE-CANOPEN.1.3.0
2025-06-17 19:06:22,395 [WARN] ConditionMgr:438 - getConditionDescription Invalid condition id : Cortex-A Device cause : null
2025-06-17 19:06:22,417 [WARN] ConditionMgr:1044 - genDependencies : Invalid condition id : Cortex-A Device cause : null
2025-06-17 19:06:22,417 [WARN] ConditionMgr:1044 - genDependencies : Invalid condition id : Cortex-A Device cause : null
2025-06-17 19:06:22,417 [WARN] ConditionMgr:1044 - genDependencies : Invalid condition id : Cortex-A Device cause : null
2025-06-17 19:06:22,441 [WARN] PackLoader:240 - Cannot read IP mode file for STMicroelectronics.FP-SNS-SMARTAG2.1.2.0
2025-06-17 19:06:22,588 [WARN] PackLoader:240 - Cannot read IP mode file for STMicroelectronics.FP-SNS-FLIGHT1.5.1.0
2025-06-17 19:06:22,781 [INFO] LogOutputStream:77 - [STDOUT_REDIRECT] 1 : Invalid condition id : UX_CORESTACK_Condition cause : null
2025-06-17 19:06:22,782 [INFO] LogOutputStream:77 - [STDOUT_REDIRECT] 1 : Invalid condition id : UX_CORESTACK_Condition cause : null
2025-06-17 19:06:22,782 [INFO] LogOutputStream:77 - [STDOUT_REDIRECT] 1 : Invalid condition id : UX_CORESTACK_Condition cause : null
2025-06-17 19:06:22,783 [INFO] LogOutputStream:77 - [STDOUT_REDIRECT] 1 : Invalid condition id : UX_CORESTACK_Condition cause : null
2025-06-17 19:06:22,784 [INFO] LogOutputStream:77 - [STDOUT_REDIRECT] 1 : Invalid condition id : UX_CORESTACK_Condition cause : null
2025-06-17 19:06:22,786 [WARN] PackLoader:240 - Cannot read IP mode file for STMicroelectronics.X-CUBE-AZRTOS-WL.2.0.0
2025-06-17 19:06:22,931 [WARN] PackLoader:240 - Cannot read IP mode file for STMicroelectronics.FP-SNS-MOTENV1.5.0.0
2025-06-17 19:06:23,163 [WARN] PackLoader:240 - Cannot read IP mode file for WES.I-CUBE-Cesium.1.3.0
2025-06-17 19:06:23,356 [WARN] PackLoader:240 - Cannot read IP mode file for STMicroelectronics.X-CUBE-BLE2.3.3.0
2025-06-17 19:06:23,565 [WARN] PackLoader:240 - Cannot read IP mode file for STMicroelectronics.X-CUBE-NFC9.1.0.0
2025-06-17 19:06:23,701 [WARN] PackLoader:240 - Cannot read IP mode file for wolfSSL.I-CUBE-wolfSSL.5.8.0
2025-06-17 19:06:24,194 [WARN] PackLoader:240 - Cannot read IP mode file for STMicroelectronics.X-CUBE-BLE1.7.1.0
2025-06-17 19:06:24,422 [WARN] PackLoader:240 - Cannot read IP mode file for wolfSSL.I-CUBE-wolfMQTT.1.19.2
2025-06-17 19:06:24,656 [WARN] PackLoader:240 - Cannot read IP mode file for STMicroelectronics.X-CUBE-AI.10.1.0
2025-06-17 19:06:24,935 [WARN] PackLoader:240 - Cannot read IP mode file for STMicroelectronics.X-CUBE-MEMS1.11.2.0
2025-06-17 19:06:25,209 [WARN] PackLoader:240 - Cannot read IP mode file for STMicroelectronics.X-CUBE-AZRTOS-G0.1.1.0
2025-06-17 19:06:25,432 [WARN] PackLoader:240 - Cannot read IP mode file for STMicroelectronics.X-CUBE-SAFEA1.1.2.2
2025-06-17 19:06:25,599 [WARN] PackLoader:240 - Cannot read IP mode file for STMicroelectronics.X-CUBE-NFC4.3.0.0
2025-06-17 19:06:25,797 [WARN] PackLoader:240 - Cannot read IP mode file for EmbeddedOffice.I-CUBE-FS-RTOS.1.0.1
2025-06-17 19:06:26,001 [WARN] PackLoader:240 - Cannot read IP mode file for STMicroelectronics.X-CUBE-WB05N.2.0.0
2025-06-17 19:06:26,108 [WARN] PackLoader:240 - Cannot read IP mode file for wolfSSL.I-CUBE-wolfTPM.3.8.0
2025-06-17 19:06:26,456 [WARN] PackLoader:240 - Cannot read IP mode file for STMicroelectronics.X-CUBE-TCPP.4.2.0
2025-06-17 19:06:26,581 [WARN] PackLoader:240 - Cannot read IP mode file for RealThread.X-CUBE-RT-Thread_Nano.4.1.1
2025-06-17 19:06:26,681 [WARN] PackLoader:240 - Cannot read IP mode file for STMicroelectronics.FP-ATR-SIGFOX1.3.2.0
2025-06-17 19:06:26,874 [WARN] PackLoader:240 - Cannot read IP mode file for STMicroelectronics.X-CUBE-EEPRMA1.5.1.0
2025-06-17 19:06:26,990 [WARN] PackLoader:240 - Cannot read IP mode file for ITTIA_DB.I-CUBE-ITTIADB.8.9.0
2025-06-17 19:06:27,177 [WARN] PackLoader:240 - Cannot read IP mode file for SEGGER.I-CUBE-embOS.1.3.1
2025-06-17 19:06:27,321 [WARN] PackLoader:240 - Cannot read IP mode file for STMicroelectronics.X-CUBE-ALGOBUILD.1.4.0
2025-06-17 19:06:27,472 [WARN] PackLoader:240 - Cannot read IP mode file for STMicroelectronics.X-CUBE-MEMS1.11.3.0
2025-06-17 19:06:27,678 [WARN] PackLoader:240 - Cannot read IP mode file for STMicroelectronics.X-CUBE-AZRTOS-F4.1.1.0
2025-06-17 19:06:27,781 [WARN] PackLoader:240 - Cannot read IP mode file for Avnet-IotConnect.X-CUBE-IoTC-DA16k-PMOD.1.0.0
2025-06-17 19:06:27,880 [WARN] PackLoader:240 - Cannot read IP mode file for STMicroelectronics.X-CUBE-ISPU.2.1.0
2025-06-17 19:06:27,987 [WARN] PackLoader:240 - Cannot read IP mode file for STMicroelectronics.X-CUBE-AZRTOS-L5.2.0.0
2025-06-17 19:06:28,097 [WARN] PackLoader:240 - Cannot read IP mode file for STMicroelectronics.X-CUBE-NFC6.3.1.0
2025-06-17 19:06:28,197 [WARN] PackLoader:240 - Cannot read IP mode file for STMicroelectronics.X-CUBE-FREERTOS.1.3.1
2025-06-17 19:06:28,339 [WARN] PackLoader:240 - Cannot read IP mode file for STMicroelectronics.X-CUBE-DPower.1.3.0
2025-06-17 19:06:28,421 [WARN] ConditionMgr:438 - getConditionDescription Invalid condition id : LAN8742 Phy interface Condition cause : null
2025-06-17 19:06:28,422 [WARN] PackLoader:240 - Cannot read IP mode file for STMicroelectronics.X-CUBE-AZRTOS-L4.2.0.0
2025-06-17 19:06:28,423 [WARN] ConditionMgr:1044 - genDependencies : Invalid condition id : LAN8742 Phy interface Condition cause : null
2025-06-17 19:06:28,423 [WARN] ConditionMgr:1044 - genDependencies : Invalid condition id : LAN8742 Phy interface Condition cause : null
2025-06-17 19:06:28,423 [WARN] ConditionMgr:1044 - genDependencies : Invalid condition id : LAN8742 Phy interface Condition cause : null
2025-06-17 19:06:28,541 [WARN] PackLoader:240 - Cannot read IP mode file for STMicroelectronics.X-CUBE-SFXS2LP1.4.0.0
2025-06-17 19:06:28,660 [WARN] PackLoader:240 - Cannot read IP mode file for STMicroelectronics.X-CUBE-AZRTOS-H7.3.3.0
2025-06-17 19:06:28,767 [WARN] ConditionMgr:438 - getConditionDescription Invalid condition id : UX DEVICE CLASS RTOS Condition cause : null
2025-06-17 19:06:28,768 [WARN] ConditionMgr:438 - getConditionDescription Invalid condition id : UX DEVICE CLASS RTOS Condition cause : null
2025-06-17 19:06:28,770 [WARN] PackLoader:240 - Cannot read IP mode file for STMicroelectronics.X-CUBE-AZRTOS-WB.2.0.0
2025-06-17 19:06:28,770 [WARN] ConditionMgr:1044 - genDependencies : Invalid condition id : UX DEVICE CLASS RTOS Condition cause : null
2025-06-17 19:06:28,770 [WARN] ConditionMgr:1044 - genDependencies : Invalid condition id : UX DEVICE CLASS RTOS Condition cause : null
2025-06-17 19:06:28,771 [WARN] ConditionMgr:1044 - genDependencies : Invalid condition id : UX DEVICE CLASS RTOS Condition cause : null
2025-06-17 19:06:28,771 [WARN] ConditionMgr:1044 - genDependencies : Invalid condition id : UX DEVICE CLASS RTOS Condition cause : null
2025-06-17 19:06:28,771 [WARN] ConditionMgr:1044 - genDependencies : Invalid condition id : UX DEVICE CLASS RTOS Condition cause : null
2025-06-17 19:06:28,964 [WARN] PackLoader:240 - Cannot read IP mode file for STMicroelectronics.X-CUBE-GNSS1.7.0.1
2025-06-17 19:06:29,114 [WARN] PackLoader:240 - Cannot read IP mode file for STMicroelectronics.X-CUBE-TOUCHGFX.4.25.0
2025-06-17 19:06:29,129 [WARN] PackLoader:240 - Cannot read IP mode file for STMicroelectronics.FP-SNS-STBOX1.2.0.0
2025-06-17 19:06:29,156 [WARN] PackLoader:240 - Cannot read IP mode file for STMicroelectronics.X-CUBE-SUBG2.5.0.0
2025-06-17 19:06:29,216 [WARN] PackLoader:240 - Cannot read IP mode file for STMicroelectronics.X-CUBE-AZRTOS-H7RS.1.1.0
2025-06-17 19:06:29,238 [INFO] WebApp:169 - Instantiating new browser for Auth
2025-06-17 19:06:29,243 [WARN] PackLoader:240 - Cannot read IP mode file for Cesanta.I-CUBE-Mongoose.7.13.0
2025-06-17 19:06:29,559 [WARN] PackLoader:240 - Cannot read IP mode file for STMicroelectronics.X-CUBE-AZRTOS-G4.2.0.0
2025-06-17 19:06:29,730 [WARN] PackLoader:240 - Cannot read IP mode file for wolfSSL.I-CUBE-wolfSSH.1.4.20
2025-06-17 19:06:29,974 [WARN] PackLoader:240 - Cannot read IP mode file for STMicroelectronics.X-CUBE-NFC7.2.0.0
2025-06-17 19:06:30,141 [WARN] PackLoader:240 - Cannot read IP mode file for STMicroelectronics.X-CUBE-IPS.3.1.0
2025-06-17 19:06:30,524 [WARN] PackLoader:240 - Cannot read IP mode file for STMicroelectronics.X-CUBE-ALS.1.0.2
2025-06-17 19:06:30,791 [WARN] PackLoader:240 - Cannot read IP mode file for portGmbH.I-Cube-SoM-uGOAL.1.1.0
2025-06-17 19:06:31,031 [WARN] PackLoader:240 - Cannot read IP mode file for STMicroelectronics.X-CUBE-TOF1.3.4.3
2025-06-17 19:06:31,036 [INFO] ThirdParty:978 - Integrity check success = true
2025-06-17 19:06:31,036 [INFO] IntegrityCheckThread:100 - exiting critical section [integrity check]
2025-06-17 19:06:31,036 [INFO] IntegrityCheckThread:103 - End integrity checks thread
2025-06-17 19:06:35,607 [INFO] WebApp:463 - Apply proxy settings
2025-06-17 19:06:35,607 [INFO] WebApp:548 - Chromium requires no authentication
2025-06-17 19:06:35,781 [INFO] WebApp:491 - Direct internet connection detected
2025-06-17 19:06:36,362 [INFO] WebApp:894 - Register for checkConnection events
2025-06-17 19:06:36,362 [INFO] WebApp:463 - Apply proxy settings
2025-06-17 19:06:36,362 [INFO] WebApp:548 - Chromium requires no authentication
2025-06-17 19:06:36,363 [INFO] WebApp:491 - Direct internet connection detected
2025-06-17 19:06:39,328 [INFO] WebApp:191 - Connection restablished
2025-06-17 19:06:42,458 [INFO] WebApp:225 - Starting web application
2025-06-17 19:06:42,458 [INFO] WebApp:593 - Web application path used C:\ST\STM32CubeIDE_1.18.1\STM32CubeIDE\plugins\com.st.stm32cube.common.mx_6.14.1.202504091515\db\plugins\mcufinder\reactClient1\index.html
2025-06-17 19:06:43,606 [INFO] UserAuth:484 - Internet connection configuration mode: 1
2025-06-17 19:44:25,849 [ERROR] LogOutputStream:75 - [STDERR_REDIRECT] 
